2018-03-19 14:16:12,577 - ERROR : 请求API接口失败,HTTPConnectionPool(host='10.10.50.196', port=80): Max retries exceeded with url: /monitor_api/v1/config?hostname=CentOS-01_172.16.99.24 (Caused by NewConnectionError('<requests.packages.urllib3.connection.HTTPConnection object at 0x0000009073350390>: Failed to establish a new connection: [WinError 10061] 由于目标计算机积极拒绝，无法连接。',))
2018-03-19 14:16:13,595 - ERROR : 请求API接口失败,HTTPConnectionPool(host='10.10.50.196', port=80): Max retries exceeded with url: /monitor_api/v1/config?hostname=CentOS-01_172.16.99.24 (Caused by NewConnectionError('<requests.packages.urllib3.connection.HTTPConnection object at 0x0000009073350A90>: Failed to establish a new connection: [WinError 10061] 由于目标计算机积极拒绝，无法连接。',))
2018-03-19 14:16:14,606 - ERROR : 请求API接口失败,HTTPConnectionPool(host='10.10.50.196', port=80): Max retries exceeded with url: /monitor_api/v1/config?hostname=CentOS-01_172.16.99.24 (Caused by NewConnectionError('<requests.packages.urllib3.connection.HTTPConnection object at 0x00000090733F4198>: Failed to establish a new connection: [WinError 10061] 由于目标计算机积极拒绝，无法连接。',))
2018-03-19 14:16:15,629 - ERROR : 请求API接口失败,HTTPConnectionPool(host='10.10.50.196', port=80): Max retries exceeded with url: /monitor_api/v1/config?hostname=CentOS-01_172.16.99.24 (Caused by NewConnectionError('<requests.packages.urllib3.connection.HTTPConnection object at 0x00000090733507F0>: Failed to establish a new connection: [WinError 10061] 由于目标计算机积极拒绝，无法连接。',))
2018-03-19 14:16:16,649 - ERROR : 请求API接口失败,HTTPConnectionPool(host='10.10.50.196', port=80): Max retries exceeded with url: /monitor_api/v1/config?hostname=CentOS-01_172.16.99.24 (Caused by NewConnectionError('<requests.packages.urllib3.connection.HTTPConnection object at 0x00000090733F4080>: Failed to establish a new connection: [WinError 10061] 由于目标计算机积极拒绝，无法连接。',))
2018-03-19 14:16:17,673 - ERROR : 请求API接口失败,HTTPConnectionPool(host='10.10.50.196', port=80): Max retries exceeded with url: /monitor_api/v1/config?hostname=CentOS-01_172.16.99.24 (Caused by NewConnectionError('<requests.packages.urllib3.connection.HTTPConnection object at 0x00000090733F4860>: Failed to establish a new connection: [WinError 10061] 由于目标计算机积极拒绝，无法连接。',))
2018-03-19 14:16:18,686 - ERROR : 请求API接口失败,HTTPConnectionPool(host='10.10.50.196', port=80): Max retries exceeded with url: /monitor_api/v1/config?hostname=CentOS-01_172.16.99.24 (Caused by NewConnectionError('<requests.packages.urllib3.connection.HTTPConnection object at 0x00000090733F4F28>: Failed to establish a new connection: [WinError 10061] 由于目标计算机积极拒绝，无法连接。',))
2018-03-19 14:16:19,699 - ERROR : 请求API接口失败,HTTPConnectionPool(host='10.10.50.196', port=80): Max retries exceeded with url: /monitor_api/v1/config?hostname=CentOS-01_172.16.99.24 (Caused by NewConnectionError('<requests.packages.urllib3.connection.HTTPConnection object at 0x00000090733FA630>: Failed to establish a new connection: [WinError 10061] 由于目标计算机积极拒绝，无法连接。',))
2018-03-19 14:16:20,712 - ERROR : 请求API接口失败,HTTPConnectionPool(host='10.10.50.196', port=80): Max retries exceeded with url: /monitor_api/v1/config?hostname=CentOS-01_172.16.99.24 (Caused by NewConnectionError('<requests.packages.urllib3.connection.HTTPConnection object at 0x00000090733F4BA8>: Failed to establish a new connection: [WinError 10061] 由于目标计算机积极拒绝，无法连接。',))
2018-03-19 14:16:21,739 - ERROR : 请求API接口失败,HTTPConnectionPool(host='10.10.50.196', port=80): Max retries exceeded with url: /monitor_api/v1/config?hostname=CentOS-01_172.16.99.24 (Caused by NewConnectionError('<requests.packages.urllib3.connection.HTTPConnection object at 0x00000090733F4518>: Failed to establish a new connection: [WinError 10061] 由于目标计算机积极拒绝，无法连接。',))
2018-03-19 14:16:22,750 - ERROR : 请求API接口失败,HTTPConnectionPool(host='10.10.50.196', port=80): Max retries exceeded with url: /monitor_api/v1/config?hostname=CentOS-01_172.16.99.24 (Caused by NewConnectionError('<requests.packages.urllib3.connection.HTTPConnection object at 0x0000009072A7C518>: Failed to establish a new connection: [WinError 10061] 由于目标计算机积极拒绝，无法连接。',))
2018-03-19 14:16:23,764 - ERROR : 请求API接口失败,HTTPConnectionPool(host='10.10.50.196', port=80): Max retries exceeded with url: /monitor_api/v1/config?hostname=CentOS-01_172.16.99.24 (Caused by NewConnectionError('<requests.packages.urllib3.connection.HTTPConnection object at 0x00000090733508D0>: Failed to establish a new connection: [WinError 10061] 由于目标计算机积极拒绝，无法连接。',))
2018-03-19 14:16:24,775 - ERROR : 请求API接口失败,HTTPConnectionPool(host='10.10.50.196', port=80): Max retries exceeded with url: /monitor_api/v1/config?hostname=CentOS-01_172.16.99.24 (Caused by NewConnectionError('<requests.packages.urllib3.connection.HTTPConnection object at 0x00000090733FA438>: Failed to establish a new connection: [WinError 10061] 由于目标计算机积极拒绝，无法连接。',))
2018-03-19 14:16:25,790 - ERROR : 请求API接口失败,HTTPConnectionPool(host='10.10.50.196', port=80): Max retries exceeded with url: /monitor_api/v1/config?hostname=CentOS-01_172.16.99.24 (Caused by NewConnectionError('<requests.packages.urllib3.connection.HTTPConnection object at 0x00000090733FACF8>: Failed to establish a new connection: [WinError 10061] 由于目标计算机积极拒绝，无法连接。',))
2018-03-19 14:16:26,799 - ERROR : 请求API接口失败,HTTPConnectionPool(host='10.10.50.196', port=80): Max retries exceeded with url: /monitor_api/v1/config?hostname=CentOS-01_172.16.99.24 (Caused by NewConnectionError('<requests.packages.urllib3.connection.HTTPConnection object at 0x0000009073403400>: Failed to establish a new connection: [WinError 10061] 由于目标计算机积极拒绝，无法连接。',))
2018-03-19 14:17:11,172 - ERROR : 请求API接口失败,HTTPConnectionPool(host='10.10.50.196', port=80): Max retries exceeded with url: /monitor_api/v1/config?hostname=CentOS-01_172.16.99.24 (Caused by NewConnectionError('<requests.packages.urllib3.connection.HTTPConnection object at 0x0000006E70131390>: Failed to establish a new connection: [WinError 10061] 由于目标计算机积极拒绝，无法连接。',))
2018-03-19 14:17:13,189 - ERROR : 请求API接口失败,HTTPConnectionPool(host='10.10.50.196', port=80): Max retries exceeded with url: /monitor_api/v1/config?hostname=CentOS-01_172.16.99.24 (Caused by NewConnectionError('<requests.packages.urllib3.connection.HTTPConnection object at 0x0000006E70131A90>: Failed to establish a new connection: [WinError 10061] 由于目标计算机积极拒绝，无法连接。',))
2018-03-19 14:17:15,201 - ERROR : 请求API接口失败,HTTPConnectionPool(host='10.10.50.196', port=80): Max retries exceeded with url: /monitor_api/v1/config?hostname=CentOS-01_172.16.99.24 (Caused by NewConnectionError('<requests.packages.urllib3.connection.HTTPConnection object at 0x0000006E701D41D0>: Failed to establish a new connection: [WinError 10061] 由于目标计算机积极拒绝，无法连接。',))
2018-03-19 14:17:17,222 - ERROR : 请求API接口失败,HTTPConnectionPool(host='10.10.50.196', port=80): Max retries exceeded with url: /monitor_api/v1/config?hostname=CentOS-01_172.16.99.24 (Caused by NewConnectionError('<requests.packages.urllib3.connection.HTTPConnection object at 0x0000006E701317F0>: Failed to establish a new connection: [WinError 10061] 由于目标计算机积极拒绝，无法连接。',))
2018-03-19 14:17:19,237 - ERROR : 请求API接口失败,HTTPConnectionPool(host='10.10.50.196', port=80): Max retries exceeded with url: /monitor_api/v1/config?hostname=CentOS-01_172.16.99.24 (Caused by NewConnectionError('<requests.packages.urllib3.connection.HTTPConnection object at 0x0000006E701D4080>: Failed to establish a new connection: [WinError 10061] 由于目标计算机积极拒绝，无法连接。',))
2018-03-19 14:17:21,248 - ERROR : 请求API接口失败,HTTPConnectionPool(host='10.10.50.196', port=80): Max retries exceeded with url: /monitor_api/v1/config?hostname=CentOS-01_172.16.99.24 (Caused by NewConnectionError('<requests.packages.urllib3.connection.HTTPConnection object at 0x0000006E701D4860>: Failed to establish a new connection: [WinError 10061] 由于目标计算机积极拒绝，无法连接。',))
2018-03-19 14:17:23,260 - ERROR : 请求API接口失败,HTTPConnectionPool(host='10.10.50.196', port=80): Max retries exceeded with url: /monitor_api/v1/config?hostname=CentOS-01_172.16.99.24 (Caused by NewConnectionError('<requests.packages.urllib3.connection.HTTPConnection object at 0x0000006E701D4F28>: Failed to establish a new connection: [WinError 10061] 由于目标计算机积极拒绝，无法连接。',))
2018-03-19 14:19:40,956 - ERROR : API认证未通过
2018-03-19 14:19:40,969 - ERROR : API认证未通过
2018-03-19 14:19:40,981 - ERROR : API认证未通过
2018-03-19 14:19:40,994 - ERROR : API认证未通过
2018-03-19 14:19:41,005 - ERROR : API认证未通过
2018-03-19 14:19:41,015 - ERROR : API认证未通过
2018-03-19 14:19:41,026 - ERROR : API认证未通过
2018-03-19 14:19:41,037 - ERROR : API认证未通过
2018-03-19 14:19:41,049 - ERROR : API认证未通过
2018-03-19 14:19:41,060 - ERROR : API认证未通过
2018-03-19 14:19:41,072 - ERROR : API认证未通过
2018-03-19 14:19:41,081 - ERROR : API认证未通过
2018-03-19 14:19:41,092 - ERROR : API认证未通过
2018-03-19 14:19:41,103 - ERROR : API认证未通过
2018-03-19 14:19:41,112 - ERROR : API认证未通过
2018-03-19 14:19:41,121 - ERROR : API认证未通过
2018-03-19 14:19:41,132 - ERROR : API认证未通过
2018-03-19 14:19:41,144 - ERROR : API认证未通过
2018-03-19 14:19:41,159 - ERROR : API认证未通过
2018-03-19 14:19:41,170 - ERROR : API认证未通过
2018-03-19 14:19:41,181 - ERROR : API认证未通过
2018-03-19 14:19:41,192 - ERROR : API认证未通过
2018-03-19 14:19:41,203 - ERROR : API认证未通过
2018-03-19 14:19:41,213 - ERROR : API认证未通过
2018-03-19 14:19:41,223 - ERROR : API认证未通过
2018-03-19 14:19:41,236 - ERROR : API认证未通过
2018-03-19 14:19:41,246 - ERROR : API认证未通过
2018-03-19 14:19:41,256 - ERROR : API认证未通过
2018-03-19 14:19:41,267 - ERROR : API认证未通过
2018-03-19 14:19:41,275 - ERROR : API认证未通过
2018-03-19 14:19:41,284 - ERROR : API认证未通过
2018-03-19 14:19:41,292 - ERROR : API认证未通过
2018-03-19 14:19:41,301 - ERROR : API认证未通过
2018-03-19 14:19:41,309 - ERROR : API认证未通过
2018-03-19 14:19:41,320 - ERROR : API认证未通过
2018-03-19 14:19:41,329 - ERROR : API认证未通过
2018-03-19 14:19:41,337 - ERROR : API认证未通过
2018-03-19 14:19:41,346 - ERROR : API认证未通过
2018-03-19 14:19:41,356 - ERROR : API认证未通过
2018-03-19 14:19:41,367 - ERROR : API认证未通过
2018-03-19 14:19:41,378 - ERROR : API认证未通过
2018-03-19 14:19:41,388 - ERROR : API认证未通过
2018-03-19 14:19:41,397 - ERROR : API认证未通过
2018-03-19 14:19:41,408 - ERROR : API认证未通过
2018-03-19 14:19:41,417 - ERROR : API认证未通过
2018-03-19 14:19:41,426 - ERROR : API认证未通过
2018-03-19 14:19:41,435 - ERROR : API认证未通过
2018-03-19 14:19:41,444 - ERROR : API认证未通过
2018-03-19 14:19:41,453 - ERROR : API认证未通过
2018-03-19 14:19:41,462 - ERROR : API认证未通过
2018-03-19 14:19:41,471 - ERROR : API认证未通过
2018-03-19 14:19:41,480 - ERROR : API认证未通过
2018-03-19 14:19:41,491 - ERROR : API认证未通过
2018-03-19 14:19:41,500 - ERROR : API认证未通过
2018-03-19 14:19:41,509 - ERROR : API认证未通过
2018-03-19 14:19:41,519 - ERROR : API认证未通过
2018-03-19 14:19:41,528 - ERROR : API认证未通过
2018-03-19 14:19:41,537 - ERROR : API认证未通过
2018-03-19 14:19:41,546 - ERROR : API认证未通过
2018-03-19 14:19:41,555 - ERROR : API认证未通过
2018-03-19 14:19:41,566 - ERROR : API认证未通过
2018-03-19 14:19:41,578 - ERROR : API认证未通过
2018-03-19 14:19:41,590 - ERROR : API认证未通过
2018-03-19 14:19:41,600 - ERROR : API认证未通过
2018-03-19 14:19:41,611 - ERROR : API认证未通过
2018-03-19 14:19:41,620 - ERROR : API认证未通过
2018-03-19 14:19:41,631 - ERROR : API认证未通过
2018-03-19 14:19:41,640 - ERROR : API认证未通过
2018-03-19 14:19:41,651 - ERROR : API认证未通过
2018-03-19 14:19:41,662 - ERROR : API认证未通过
2018-03-19 14:19:41,671 - ERROR : API认证未通过
2018-03-19 14:19:41,681 - ERROR : API认证未通过
2018-03-19 14:19:41,690 - ERROR : API认证未通过
2018-03-19 14:19:41,699 - ERROR : API认证未通过
2018-03-19 14:19:41,709 - ERROR : API认证未通过
2018-03-19 14:19:41,718 - ERROR : API认证未通过
2018-03-19 14:19:41,728 - ERROR : API认证未通过
2018-03-19 14:19:41,741 - ERROR : API认证未通过
2018-03-19 14:19:41,750 - ERROR : API认证未通过
2018-03-19 14:19:41,761 - ERROR : API认证未通过
2018-03-19 14:19:41,771 - ERROR : API认证未通过
2018-03-19 14:19:41,782 - ERROR : API认证未通过
2018-03-19 14:19:41,791 - ERROR : API认证未通过
2018-03-19 14:19:41,803 - ERROR : API认证未通过
2018-03-19 14:19:41,812 - ERROR : API认证未通过
2018-03-19 14:19:41,825 - ERROR : API认证未通过
2018-03-19 14:19:41,835 - ERROR : API认证未通过
2018-03-19 14:19:41,845 - ERROR : API认证未通过
2018-03-19 14:19:41,855 - ERROR : API认证未通过
2018-03-19 14:19:41,865 - ERROR : API认证未通过
2018-03-19 14:19:41,874 - ERROR : API认证未通过
2018-03-19 14:19:41,883 - ERROR : API认证未通过
2018-03-19 14:19:41,892 - ERROR : API认证未通过
2018-03-19 14:19:41,902 - ERROR : API认证未通过
2018-03-19 14:19:41,912 - ERROR : API认证未通过
2018-03-19 14:19:41,921 - ERROR : API认证未通过
2018-03-19 14:19:41,929 - ERROR : API认证未通过
2018-03-19 14:19:41,938 - ERROR : API认证未通过
2018-03-19 14:19:41,946 - ERROR : API认证未通过
2018-03-19 14:19:41,955 - ERROR : API认证未通过
2018-03-19 14:19:41,964 - ERROR : API认证未通过
2018-03-19 14:19:41,973 - ERROR : API认证未通过
2018-03-19 14:19:41,985 - ERROR : API认证未通过
2018-03-19 14:19:41,995 - ERROR : API认证未通过
2018-03-19 14:19:42,006 - ERROR : API认证未通过
2018-03-19 14:19:42,015 - ERROR : API认证未通过
2018-03-19 14:19:42,024 - ERROR : API认证未通过
2018-03-19 14:19:42,033 - ERROR : API认证未通过
2018-03-19 14:19:42,042 - ERROR : API认证未通过
2018-03-19 14:19:42,051 - ERROR : API认证未通过
2018-03-19 14:19:42,061 - ERROR : API认证未通过
2018-03-19 14:19:42,072 - ERROR : API认证未通过
2018-03-19 14:19:42,081 - ERROR : API认证未通过
2018-03-19 14:19:42,090 - ERROR : API认证未通过
2018-03-19 14:19:42,098 - ERROR : API认证未通过
2018-03-19 14:19:42,107 - ERROR : API认证未通过
2018-03-19 14:19:42,116 - ERROR : API认证未通过
2018-03-19 14:19:42,124 - ERROR : API认证未通过
2018-03-19 14:19:42,133 - ERROR : API认证未通过
2018-03-19 14:19:42,142 - ERROR : API认证未通过
2018-03-19 14:19:42,153 - ERROR : API认证未通过
2018-03-19 14:19:42,162 - ERROR : API认证未通过
2018-03-19 14:19:42,172 - ERROR : API认证未通过
2018-03-19 14:19:42,181 - ERROR : API认证未通过
2018-03-19 14:19:42,191 - ERROR : API认证未通过
2018-03-19 14:19:42,200 - ERROR : API认证未通过
2018-03-19 14:19:42,209 - ERROR : API认证未通过
2018-03-19 14:19:42,219 - ERROR : API认证未通过
2018-03-19 14:19:42,228 - ERROR : API认证未通过
2018-03-19 14:19:42,240 - ERROR : API认证未通过
2018-03-19 14:19:42,248 - ERROR : API认证未通过
2018-03-19 14:19:42,258 - ERROR : API认证未通过
2018-03-19 14:19:42,268 - ERROR : API认证未通过
2018-03-19 14:19:42,276 - ERROR : API认证未通过
2018-03-19 14:19:42,286 - ERROR : API认证未通过
2018-03-19 14:19:42,294 - ERROR : API认证未通过
2018-03-19 14:19:42,303 - ERROR : API认证未通过
2018-03-19 14:19:42,315 - ERROR : API认证未通过
2018-03-19 14:19:42,324 - ERROR : API认证未通过
2018-03-19 14:19:42,333 - ERROR : API认证未通过
2018-03-19 14:19:42,343 - ERROR : API认证未通过
2018-03-19 14:19:42,352 - ERROR : API认证未通过
2018-03-19 14:19:42,362 - ERROR : API认证未通过
2018-03-19 14:19:42,371 - ERROR : API认证未通过
2018-03-19 14:19:42,382 - ERROR : API认证未通过
2018-03-19 14:19:42,391 - ERROR : API认证未通过
2018-03-19 14:19:42,405 - ERROR : API认证未通过
2018-03-19 14:19:42,414 - ERROR : API认证未通过
2018-03-19 14:19:42,424 - ERROR : API认证未通过
2018-03-19 14:19:42,433 - ERROR : API认证未通过
2018-03-19 14:19:42,443 - ERROR : API认证未通过
2018-03-19 14:19:42,452 - ERROR : API认证未通过
2018-03-19 14:19:42,461 - ERROR : API认证未通过
2018-03-19 14:19:42,471 - ERROR : API认证未通过
2018-03-19 14:19:42,482 - ERROR : API认证未通过
2018-03-19 14:19:42,491 - ERROR : API认证未通过
2018-03-19 14:19:42,501 - ERROR : API认证未通过
2018-03-19 14:19:42,510 - ERROR : API认证未通过
2018-03-19 14:19:42,520 - ERROR : API认证未通过
2018-03-19 14:19:42,529 - ERROR : API认证未通过
2018-03-19 14:19:42,538 - ERROR : API认证未通过
2018-03-19 14:19:42,547 - ERROR : API认证未通过
2018-03-19 14:19:42,556 - ERROR : API认证未通过
2018-03-19 14:19:42,567 - ERROR : API认证未通过
2018-03-19 14:19:42,576 - ERROR : API认证未通过
2018-03-19 14:19:42,586 - ERROR : API认证未通过
2018-03-19 14:19:42,595 - ERROR : API认证未通过
2018-03-19 14:19:42,605 - ERROR : API认证未通过
2018-03-19 14:19:42,618 - ERROR : API认证未通过
2018-03-19 14:19:42,627 - ERROR : API认证未通过
2018-03-19 14:19:42,636 - ERROR : API认证未通过
2018-03-19 14:19:42,647 - ERROR : API认证未通过
2018-03-19 14:19:42,657 - ERROR : API认证未通过
2018-03-19 14:19:42,666 - ERROR : API认证未通过
2018-03-19 14:19:42,675 - ERROR : API认证未通过
2018-03-19 14:19:42,683 - ERROR : API认证未通过
2018-03-19 14:19:42,692 - ERROR : API认证未通过
2018-03-19 14:19:42,701 - ERROR : API认证未通过
2018-03-19 14:19:42,710 - ERROR : API认证未通过
2018-03-19 14:19:42,720 - ERROR : API认证未通过
2018-03-19 14:19:42,731 - ERROR : API认证未通过
2018-03-19 14:19:42,740 - ERROR : API认证未通过
2018-03-19 14:19:42,750 - ERROR : API认证未通过
2018-03-19 14:19:42,759 - ERROR : API认证未通过
2018-03-19 14:19:42,768 - ERROR : API认证未通过
2018-03-19 14:19:42,777 - ERROR : API认证未通过
2018-03-19 14:19:42,787 - ERROR : API认证未通过
2018-03-19 14:19:42,797 - ERROR : API认证未通过
2018-03-19 14:19:42,807 - ERROR : API认证未通过
2018-03-19 14:19:42,820 - ERROR : API认证未通过
2018-03-19 14:19:42,831 - ERROR : API认证未通过
2018-03-19 14:19:42,840 - ERROR : API认证未通过
2018-03-19 14:19:42,850 - ERROR : API认证未通过
2018-03-19 14:19:42,860 - ERROR : API认证未通过
2018-03-19 14:19:42,869 - ERROR : API认证未通过
2018-03-19 14:19:42,880 - ERROR : API认证未通过
2018-03-19 14:19:42,890 - ERROR : API认证未通过
2018-03-19 14:19:42,902 - ERROR : API认证未通过
2018-03-19 14:19:42,912 - ERROR : API认证未通过
2018-03-19 14:19:42,922 - ERROR : API认证未通过
2018-03-19 14:19:42,931 - ERROR : API认证未通过
2018-03-19 14:19:42,941 - ERROR : API认证未通过
2018-03-19 14:19:42,951 - ERROR : API认证未通过
2018-03-19 14:19:42,961 - ERROR : API认证未通过
2018-03-19 14:19:42,970 - ERROR : API认证未通过
2018-03-19 14:19:42,983 - ERROR : API认证未通过
2018-03-19 14:19:42,994 - ERROR : API认证未通过
2018-03-19 14:19:43,004 - ERROR : API认证未通过
2018-03-19 14:19:43,016 - ERROR : API认证未通过
2018-03-19 14:19:43,026 - ERROR : API认证未通过
2018-03-19 14:19:43,039 - ERROR : API认证未通过
2018-03-19 14:19:43,052 - ERROR : API认证未通过
2018-03-19 14:19:43,069 - ERROR : API认证未通过
2018-03-19 14:19:43,083 - ERROR : API认证未通过
2018-03-19 14:19:43,092 - ERROR : API认证未通过
2018-03-19 14:19:43,101 - ERROR : API认证未通过
2018-03-19 14:19:43,111 - ERROR : API认证未通过
2018-03-19 14:19:43,120 - ERROR : API认证未通过
2018-03-19 14:19:43,129 - ERROR : API认证未通过
2018-03-19 14:19:43,138 - ERROR : API认证未通过
2018-03-19 14:19:43,150 - ERROR : API认证未通过
2018-03-19 14:19:43,159 - ERROR : API认证未通过
2018-03-19 14:19:43,168 - ERROR : API认证未通过
2018-03-19 14:19:43,177 - ERROR : API认证未通过
2018-03-19 14:19:43,186 - ERROR : API认证未通过
2018-03-19 14:19:43,195 - ERROR : API认证未通过
2018-03-19 14:19:43,204 - ERROR : API认证未通过
2018-03-19 14:19:43,214 - ERROR : API认证未通过
2018-03-19 14:19:43,224 - ERROR : API认证未通过
2018-03-19 14:19:43,236 - ERROR : API认证未通过
2018-03-19 14:19:43,245 - ERROR : API认证未通过
2018-03-19 14:19:43,254 - ERROR : API认证未通过
2018-03-19 14:19:43,263 - ERROR : API认证未通过
2018-03-19 14:19:43,272 - ERROR : API认证未通过
2018-03-19 14:19:43,281 - ERROR : API认证未通过
2018-03-19 14:19:43,289 - ERROR : API认证未通过
2018-03-19 14:19:43,298 - ERROR : API认证未通过
2018-03-19 14:19:43,306 - ERROR : API认证未通过
2018-03-19 14:19:43,317 - ERROR : API认证未通过
2018-03-19 14:19:43,326 - ERROR : API认证未通过
2018-03-19 14:19:43,334 - ERROR : API认证未通过
2018-03-19 14:19:43,343 - ERROR : API认证未通过
2018-03-19 14:19:43,352 - ERROR : API认证未通过
2018-03-19 14:19:43,361 - ERROR : API认证未通过
2018-03-19 14:19:43,370 - ERROR : API认证未通过
2018-03-19 14:19:43,380 - ERROR : API认证未通过
2018-03-19 14:19:43,389 - ERROR : API认证未通过
2018-03-19 14:19:43,402 - ERROR : API认证未通过
2018-03-19 14:19:43,412 - ERROR : API认证未通过
2018-03-19 14:19:43,420 - ERROR : API认证未通过
2018-03-19 14:19:43,431 - ERROR : API认证未通过
2018-03-19 14:19:43,440 - ERROR : API认证未通过
2018-03-19 14:19:43,450 - ERROR : API认证未通过
2018-03-19 14:19:43,459 - ERROR : API认证未通过
2018-03-19 14:19:43,468 - ERROR : API认证未通过
2018-03-19 14:19:43,479 - ERROR : API认证未通过
2018-03-19 14:19:43,489 - ERROR : API认证未通过
2018-03-19 14:19:43,498 - ERROR : API认证未通过
2018-03-19 14:19:43,507 - ERROR : API认证未通过
2018-03-19 14:19:43,517 - ERROR : API认证未通过
2018-03-19 14:19:43,525 - ERROR : API认证未通过
2018-03-19 14:19:43,534 - ERROR : API认证未通过
2018-03-19 14:19:43,543 - ERROR : API认证未通过
2018-03-19 14:19:43,553 - ERROR : API认证未通过
2018-03-19 14:19:43,563 - ERROR : API认证未通过
2018-03-19 14:19:43,572 - ERROR : API认证未通过
2018-03-19 14:19:43,581 - ERROR : API认证未通过
2018-03-19 14:19:43,590 - ERROR : API认证未通过
2018-03-19 14:19:43,599 - ERROR : API认证未通过
2018-03-19 14:19:43,608 - ERROR : API认证未通过
2018-03-19 14:19:43,617 - ERROR : API认证未通过
2018-03-19 14:19:43,627 - ERROR : API认证未通过
2018-03-19 14:19:43,637 - ERROR : API认证未通过
2018-03-19 14:19:43,648 - ERROR : API认证未通过
2018-03-19 14:19:43,659 - ERROR : API认证未通过
2018-03-19 14:19:43,669 - ERROR : API认证未通过
2018-03-19 14:19:43,679 - ERROR : API认证未通过
2018-03-19 14:19:43,688 - ERROR : API认证未通过
2018-03-19 14:19:43,697 - ERROR : API认证未通过
2018-03-19 14:19:43,707 - ERROR : API认证未通过
2018-03-19 14:19:43,716 - ERROR : API认证未通过
2018-03-19 14:19:43,727 - ERROR : API认证未通过
2018-03-19 14:19:43,736 - ERROR : API认证未通过
2018-03-19 14:19:43,745 - ERROR : API认证未通过
2018-03-19 14:19:43,755 - ERROR : API认证未通过
2018-03-19 14:19:43,767 - ERROR : API认证未通过
2018-03-19 14:19:43,778 - ERROR : API认证未通过
2018-03-19 14:19:43,788 - ERROR : API认证未通过
2018-03-19 14:19:43,797 - ERROR : API认证未通过
2018-03-19 14:19:43,806 - ERROR : API认证未通过
2018-03-19 14:19:43,817 - ERROR : API认证未通过
2018-03-19 14:19:43,827 - ERROR : API认证未通过
2018-03-19 14:19:43,837 - ERROR : API认证未通过
2018-03-19 14:19:43,847 - ERROR : API认证未通过
2018-03-19 14:19:43,860 - ERROR : API认证未通过
2018-03-19 14:19:43,871 - ERROR : API认证未通过
2018-03-19 14:19:43,881 - ERROR : API认证未通过
2018-03-19 14:19:43,892 - ERROR : API认证未通过
2018-03-19 14:19:43,902 - ERROR : API认证未通过
2018-03-19 14:19:43,911 - ERROR : API认证未通过
2018-03-19 14:19:43,920 - ERROR : API认证未通过
2018-03-19 14:19:43,929 - ERROR : API认证未通过
2018-03-19 14:19:43,938 - ERROR : API认证未通过
2018-03-19 14:19:43,947 - ERROR : API认证未通过
2018-03-19 14:19:43,957 - ERROR : API认证未通过
2018-03-19 14:19:43,966 - ERROR : API认证未通过
2018-03-19 14:19:43,976 - ERROR : API认证未通过
2018-03-19 14:19:43,985 - ERROR : API认证未通过
2018-03-19 14:19:43,994 - ERROR : API认证未通过
2018-03-19 14:19:44,003 - ERROR : API认证未通过
2018-03-19 14:19:44,012 - ERROR : API认证未通过
2018-03-19 14:19:44,021 - ERROR : API认证未通过
2018-03-19 14:19:44,031 - ERROR : API认证未通过
2018-03-19 14:19:44,041 - ERROR : API认证未通过
2018-03-19 14:19:44,051 - ERROR : API认证未通过
2018-03-19 14:19:44,062 - ERROR : API认证未通过
2018-03-19 14:19:44,072 - ERROR : API认证未通过
2018-03-19 14:19:44,081 - ERROR : API认证未通过
2018-03-19 14:19:44,092 - ERROR : API认证未通过
2018-03-19 14:19:44,101 - ERROR : API认证未通过
2018-03-19 14:19:44,111 - ERROR : API认证未通过
2018-03-19 14:19:44,119 - ERROR : API认证未通过
2018-03-19 14:19:44,128 - ERROR : API认证未通过
2018-03-19 14:19:44,137 - ERROR : API认证未通过
2018-03-19 14:19:44,149 - ERROR : API认证未通过
2018-03-19 14:19:44,159 - ERROR : API认证未通过
2018-03-19 14:19:44,167 - ERROR : API认证未通过
2018-03-19 14:19:44,176 - ERROR : API认证未通过
2018-03-19 14:19:44,186 - ERROR : API认证未通过
2018-03-19 14:19:44,196 - ERROR : API认证未通过
2018-03-19 14:19:44,206 - ERROR : API认证未通过
2018-03-19 14:19:44,216 - ERROR : API认证未通过
2018-03-19 14:19:44,229 - ERROR : API认证未通过
2018-03-19 14:19:44,242 - ERROR : API认证未通过
2018-03-19 14:19:44,253 - ERROR : API认证未通过
2018-03-19 14:19:44,265 - ERROR : API认证未通过
2018-03-19 14:19:44,277 - ERROR : API认证未通过
2018-03-19 14:19:44,289 - ERROR : API认证未通过
2018-03-19 14:19:44,300 - ERROR : API认证未通过
2018-03-19 14:19:44,313 - ERROR : API认证未通过
2018-03-19 14:19:44,323 - ERROR : API认证未通过
2018-03-19 14:19:44,333 - ERROR : API认证未通过
2018-03-19 14:19:44,343 - ERROR : API认证未通过
2018-03-19 14:19:44,354 - ERROR : API认证未通过
2018-03-19 14:19:44,365 - ERROR : API认证未通过
2018-03-19 14:19:44,375 - ERROR : API认证未通过
2018-03-19 14:19:44,386 - ERROR : API认证未通过
2018-03-19 14:19:44,398 - ERROR : API认证未通过
2018-03-19 14:19:44,410 - ERROR : API认证未通过
2018-03-19 14:19:44,420 - ERROR : API认证未通过
2018-03-19 14:19:44,434 - ERROR : API认证未通过
2018-03-19 14:19:44,446 - ERROR : API认证未通过
2018-03-19 14:19:44,459 - ERROR : API认证未通过
2018-03-19 14:19:44,471 - ERROR : API认证未通过
2018-03-19 14:19:44,486 - ERROR : API认证未通过
2018-03-19 14:19:44,496 - ERROR : API认证未通过
2018-03-19 14:19:44,507 - ERROR : API认证未通过
2018-03-19 14:19:44,517 - ERROR : API认证未通过
2018-03-19 14:19:44,528 - ERROR : API认证未通过
2018-03-19 14:19:44,537 - ERROR : API认证未通过
2018-03-19 14:19:44,546 - ERROR : API认证未通过
2018-03-19 14:19:44,557 - ERROR : API认证未通过
2018-03-19 14:19:44,566 - ERROR : API认证未通过
2018-03-19 14:19:44,576 - ERROR : API认证未通过
2018-03-19 14:19:44,585 - ERROR : API认证未通过
2018-03-19 14:19:44,594 - ERROR : API认证未通过
2018-03-19 14:19:44,603 - ERROR : API认证未通过
2018-03-19 14:19:44,613 - ERROR : API认证未通过
2018-03-19 14:19:44,622 - ERROR : API认证未通过
2018-03-19 14:19:44,631 - ERROR : API认证未通过
2018-03-19 14:19:44,642 - ERROR : API认证未通过
2018-03-19 14:19:44,653 - ERROR : API认证未通过
2018-03-19 14:19:44,663 - ERROR : API认证未通过
2018-03-19 14:19:44,674 - ERROR : API认证未通过
2018-03-19 14:19:44,684 - ERROR : API认证未通过
2018-03-19 14:19:44,695 - ERROR : API认证未通过
2018-03-19 14:19:44,704 - ERROR : API认证未通过
2018-03-19 14:19:44,714 - ERROR : API认证未通过
2018-03-19 14:19:44,726 - ERROR : API认证未通过
2018-03-19 14:19:44,735 - ERROR : API认证未通过
2018-03-19 14:19:44,744 - ERROR : API认证未通过
2018-03-19 14:19:44,753 - ERROR : API认证未通过
2018-03-19 14:19:44,761 - ERROR : API认证未通过
2018-03-19 14:19:44,771 - ERROR : API认证未通过
2018-03-19 14:19:44,779 - ERROR : API认证未通过
2018-03-19 14:19:44,788 - ERROR : API认证未通过
2018-03-19 14:19:44,798 - ERROR : API认证未通过
2018-03-19 14:19:44,808 - ERROR : API认证未通过
2018-03-19 14:19:44,817 - ERROR : API认证未通过
2018-03-19 14:19:44,826 - ERROR : API认证未通过
2018-03-19 14:19:44,836 - ERROR : API认证未通过
2018-03-19 14:19:44,846 - ERROR : API认证未通过
2018-03-19 14:19:44,857 - ERROR : API认证未通过
2018-03-19 14:19:44,871 - ERROR : API认证未通过
2018-03-19 14:19:44,882 - ERROR : API认证未通过
2018-03-19 14:19:44,896 - ERROR : API认证未通过
2018-03-19 14:19:44,906 - ERROR : API认证未通过
2018-03-19 14:19:44,915 - ERROR : API认证未通过
2018-03-19 14:19:44,925 - ERROR : API认证未通过
2018-03-19 14:19:44,933 - ERROR : API认证未通过
2018-03-19 14:19:44,943 - ERROR : API认证未通过
2018-03-19 14:19:44,951 - ERROR : API认证未通过
2018-03-19 14:19:44,960 - ERROR : API认证未通过
2018-03-19 14:19:44,971 - ERROR : API认证未通过
2018-03-19 14:19:44,980 - ERROR : API认证未通过
2018-03-19 14:19:44,989 - ERROR : API认证未通过
2018-03-19 14:19:44,998 - ERROR : API认证未通过
2018-03-19 14:19:45,007 - ERROR : API认证未通过
2018-03-19 14:19:45,016 - ERROR : API认证未通过
2018-03-19 14:19:45,025 - ERROR : API认证未通过
2018-03-19 14:19:45,034 - ERROR : API认证未通过
2018-03-19 14:19:45,043 - ERROR : API认证未通过
2018-03-19 14:19:45,054 - ERROR : API认证未通过
2018-03-19 14:19:45,065 - ERROR : API认证未通过
2018-03-19 14:19:45,075 - ERROR : API认证未通过
2018-03-19 14:19:45,085 - ERROR : API认证未通过
2018-03-19 14:19:45,096 - ERROR : API认证未通过
2018-03-19 14:19:45,106 - ERROR : API认证未通过
2018-03-19 14:19:45,116 - ERROR : API认证未通过
2018-03-19 14:19:45,125 - ERROR : API认证未通过
2018-03-19 14:19:45,136 - ERROR : API认证未通过
2018-03-19 14:19:45,146 - ERROR : API认证未通过
2018-03-19 14:19:45,156 - ERROR : API认证未通过
2018-03-19 14:19:45,165 - ERROR : API认证未通过
2018-03-19 14:19:45,175 - ERROR : API认证未通过
2018-03-19 14:19:45,183 - ERROR : API认证未通过
2018-03-19 14:19:45,193 - ERROR : API认证未通过
2018-03-19 14:19:45,202 - ERROR : API认证未通过
2018-03-19 14:19:45,211 - ERROR : API认证未通过
2018-03-19 14:19:45,223 - ERROR : API认证未通过
2018-03-19 14:19:45,233 - ERROR : API认证未通过
2018-03-19 14:19:45,243 - ERROR : API认证未通过
2018-03-19 14:19:45,251 - ERROR : API认证未通过
2018-03-19 14:19:45,260 - ERROR : API认证未通过
2018-03-19 14:19:45,272 - ERROR : API认证未通过
2018-03-19 14:19:45,285 - ERROR : API认证未通过
2018-03-19 14:19:45,295 - ERROR : API认证未通过
2018-03-19 14:19:45,309 - ERROR : API认证未通过
2018-03-19 14:19:45,321 - ERROR : API认证未通过
2018-03-19 14:19:45,332 - ERROR : API认证未通过
2018-03-19 14:19:45,341 - ERROR : API认证未通过
2018-03-19 14:19:45,353 - ERROR : API认证未通过
2018-03-19 14:19:45,366 - ERROR : API认证未通过
2018-03-19 14:19:45,376 - ERROR : API认证未通过
2018-03-19 14:19:45,388 - ERROR : API认证未通过
2018-03-19 14:19:45,398 - ERROR : API认证未通过
2018-03-19 14:19:45,407 - ERROR : API认证未通过
2018-03-19 14:19:45,417 - ERROR : API认证未通过
2018-03-19 14:19:45,426 - ERROR : API认证未通过
2018-03-19 14:19:45,437 - ERROR : API认证未通过
2018-03-19 14:19:45,448 - ERROR : API认证未通过
2018-03-19 14:19:45,459 - ERROR : API认证未通过
2018-03-19 14:19:45,474 - ERROR : API认证未通过
2018-03-19 14:19:45,484 - ERROR : API认证未通过
2018-03-19 14:19:45,496 - ERROR : API认证未通过
2018-03-19 14:19:45,507 - ERROR : API认证未通过
2018-03-19 14:19:45,518 - ERROR : API认证未通过
2018-03-19 14:19:45,531 - ERROR : API认证未通过
2018-03-19 14:19:45,543 - ERROR : API认证未通过
2018-03-19 14:19:45,559 - ERROR : API认证未通过
2018-03-19 14:19:45,571 - ERROR : API认证未通过
2018-03-19 14:19:45,582 - ERROR : API认证未通过
2018-03-19 14:20:49,395 - ERROR : API认证未通过
2018-03-19 14:21:49,406 - ERROR : API认证未通过
2018-03-19 14:22:28,401 - ERROR : 请求API接口失败,HTTPConnectionPool(host='10.10.50.196', port=8001): Max retries exceeded with url: /monitor_api/v1/config?hostname=CentOS-01_172.16.99.24 (Caused by NewConnectionError('<requests.packages.urllib3.connection.HTTPConnection object at 0x0000004C344512E8>: Failed to establish a new connection: [WinError 10061] 由于目标计算机积极拒绝，无法连接。',))
2018-03-19 14:23:29,414 - ERROR : 请求API接口失败,HTTPConnectionPool(host='10.10.50.196', port=8001): Max retries exceeded with url: /monitor_api/v1/config?hostname=CentOS-01_172.16.99.24 (Caused by NewConnectionError('<requests.packages.urllib3.connection.HTTPConnection object at 0x0000004C344519E8>: Failed to establish a new connection: [WinError 10061] 由于目标计算机积极拒绝，无法连接。',))
2018-03-19 14:26:39,904 - ERROR : 资源不存在[CentOS-01_172.16.99.23]
2018-03-19 14:27:54,704 - ERROR : 资源不存在[CentOS-01_172.16.99.24]
2018-03-19 14:28:54,749 - ERROR : 资源不存在[CentOS-01_172.16.99.24]
2018-03-19 15:12:14,016 - ERROR : plugin_map中未找到应用集插件,LinuxMemory-LinuxMemoryPlugin
2018-03-19 15:37:28,971 - ERROR : 请求发送监控数据API接口失败,HTTPConnectionPool(host='10.10.50.196', port=8001): Max retries exceeded with url: /monitor_api/v1/data (Caused by NewConnectionError('<requests.packages.urllib3.connection.HTTPConnection object at 0x00000075A34DD358>: Failed to establish a new connection: [WinError 10061] 由于目标计算机积极拒绝，无法连接。',))
2018-03-19 15:37:28,976 - ERROR : 请求发送监控数据API接口失败,HTTPConnectionPool(host='10.10.50.196', port=8001): Max retries exceeded with url: /monitor_api/v1/data (Caused by NewConnectionError('<requests.packages.urllib3.connection.HTTPConnection object at 0x00000075A3432FD0>: Failed to establish a new connection: [WinError 10061] 由于目标计算机积极拒绝，无法连接。',))
2018-03-19 15:37:29,108 - ERROR : 请求发送监控数据API接口失败,HTTPConnectionPool(host='10.10.50.196', port=8001): Max retries exceeded with url: /monitor_api/v1/data (Caused by NewConnectionError('<requests.packages.urllib3.connection.HTTPConnection object at 0x00000075A34E3278>: Failed to establish a new connection: [WinError 10061] 由于目标计算机积极拒绝，无法连接。',))
2018-03-19 15:37:29,124 - ERROR : 请求发送监控数据API接口失败,HTTPConnectionPool(host='10.10.50.196', port=8001): Max retries exceeded with url: /monitor_api/v1/data (Caused by NewConnectionError('<requests.packages.urllib3.connection.HTTPConnection object at 0x00000075A34DDF28>: Failed to establish a new connection: [WinError 10061] 由于目标计算机积极拒绝，无法连接。',))
2018-03-19 15:37:58,990 - ERROR : 请求发送监控数据API接口失败,HTTPConnectionPool(host='10.10.50.196', port=8001): Max retries exceeded with url: /monitor_api/v1/data (Caused by NewConnectionError('<requests.packages.urllib3.connection.HTTPConnection object at 0x00000075A34E3710>: Failed to establish a new connection: [WinError 10061] 由于目标计算机积极拒绝，无法连接。',))
2018-03-19 15:49:13,408 - ERROR : 请求发送监控数据API接口失败,HTTPConnectionPool(host='10.10.50.196', port=8000): Max retries exceeded with url: /monitor_api/v1/data (Caused by NewConnectionError('<requests.packages.urllib3.connection.HTTPConnection object at 0x0000000A625A1588>: Failed to establish a new connection: [WinError 10061] 由于目标计算机积极拒绝，无法连接。',))
2018-03-19 15:49:43,327 - ERROR : 请求发送监控数据API接口失败,HTTPConnectionPool(host='10.10.50.196', port=8000): Max retries exceeded with url: /monitor_api/v1/data (Caused by NewConnectionError('<requests.packages.urllib3.connection.HTTPConnection object at 0x0000000A6264C6D8>: Failed to establish a new connection: [WinError 10061] 由于目标计算机积极拒绝，无法连接。',))
2018-03-19 15:49:43,347 - ERROR : 请求发送监控数据API接口失败,HTTPConnectionPool(host='10.10.50.196', port=8000): Max retries exceeded with url: /monitor_api/v1/data (Caused by NewConnectionError('<requests.packages.urllib3.connection.HTTPConnection object at 0x0000000A62655278>: Failed to establish a new connection: [WinError 10061] 由于目标计算机积极拒绝，无法连接。',))
2018-03-19 15:49:43,458 - ERROR : 请求发送监控数据API接口失败,HTTPConnectionPool(host='10.10.50.196', port=8000): Max retries exceeded with url: /monitor_api/v1/data (Caused by NewConnectionError('<requests.packages.urllib3.connection.HTTPConnection object at 0x0000000A62655DA0>: Failed to establish a new connection: [WinError 10061] 由于目标计算机积极拒绝，无法连接。',))
2018-03-19 15:49:43,489 - ERROR : 请求发送监控数据API接口失败,HTTPConnectionPool(host='10.10.50.196', port=8000): Max retries exceeded with url: /monitor_api/v1/data (Caused by NewConnectionError('<requests.packages.urllib3.connection.HTTPConnection object at 0x0000000A5F7867B8>: Failed to establish a new connection: [WinError 10061] 由于目标计算机积极拒绝，无法连接。',))
2018-03-19 15:50:13,413 - ERROR : 请求发送监控数据API接口失败,HTTPConnectionPool(host='10.10.50.196', port=8000): Max retries exceeded with url: /monitor_api/v1/data (Caused by NewConnectionError('<requests.packages.urllib3.connection.HTTPConnection object at 0x0000000A6264C9E8>: Failed to establish a new connection: [WinError 10061] 由于目标计算机积极拒绝，无法连接。',))
