2018-03-19 08:59:17,919 - INFO : 客户端已启动
2018-03-19 10:54:25,737 - INFO : 客户端已启动
2018-03-19 10:54:25,738 - INFO : 获取最新的监控配置信息
2018-03-19 10:54:25,769 - INFO : 更新已监控的服务[{'application': {}}]
2018-03-19 11:30:53,262 - INFO : 客户端已启动
2018-03-19 11:30:53,264 - INFO : 获取最新的监控配置信息
2018-03-19 11:30:53,288 - INFO : 更新已监控的服务[{'application': {}}]
2018-03-19 11:31:13,971 - INFO : 客户端已启动
2018-03-19 11:31:13,973 - INFO : 获取最新的监控配置信息
2018-03-19 11:31:13,996 - INFO : 更新已监控的服务[{'application': {}}]
2018-03-19 11:31:27,415 - INFO : 客户端已启动
2018-03-19 11:31:27,417 - INFO : 获取最新的监控配置信息
2018-03-19 11:31:27,445 - INFO : 更新已监控的服务[{'application': {}}]
2018-03-19 11:53:16,493 - INFO : 客户端已启动
2018-03-19 11:53:16,495 - INFO : 获取最新的监控配置信息
2018-03-19 11:53:16,529 - INFO : 更新已监控的服务[{'application': {}}]
2018-03-19 11:53:44,061 - INFO : 客户端已启动
2018-03-19 11:53:44,063 - INFO : 获取最新的监控配置信息
2018-03-19 11:53:44,076 - INFO : 更新已监控的服务[{'code': 401, 'message': 'API认证失败'}]
2018-03-19 14:12:20,787 - INFO : 客户端已启动
2018-03-19 14:12:20,789 - INFO : 获取最新的监控配置信息
2018-03-19 14:13:58,107 - INFO : 客户端已启动
2018-03-19 14:13:58,109 - INFO : 获取最新的监控配置信息
2018-03-19 14:16:11,554 - INFO : 客户端已启动
2018-03-19 14:16:11,556 - INFO : 获取最新的监控配置信息
2018-03-19 14:16:12,587 - INFO : 获取最新的监控配置信息
2018-03-19 14:16:13,598 - INFO : 获取最新的监控配置信息
2018-03-19 14:16:14,612 - INFO : 获取最新的监控配置信息
2018-03-19 14:16:15,634 - INFO : 获取最新的监控配置信息
2018-03-19 14:16:16,653 - INFO : 获取最新的监控配置信息
2018-03-19 14:16:17,675 - INFO : 获取最新的监控配置信息
2018-03-19 14:16:18,688 - INFO : 获取最新的监控配置信息
2018-03-19 14:16:19,701 - INFO : 获取最新的监控配置信息
2018-03-19 14:16:20,720 - INFO : 获取最新的监控配置信息
2018-03-19 14:16:21,742 - INFO : 获取最新的监控配置信息
2018-03-19 14:16:22,752 - INFO : 获取最新的监控配置信息
2018-03-19 14:16:23,766 - INFO : 获取最新的监控配置信息
2018-03-19 14:16:24,781 - INFO : 获取最新的监控配置信息
2018-03-19 14:16:25,792 - INFO : 获取最新的监控配置信息
2018-03-19 14:16:26,803 - INFO : 获取最新的监控配置信息
2018-03-19 14:17:10,148 - INFO : 客户端已启动
2018-03-19 14:17:10,151 - INFO : 获取最新的监控配置信息
2018-03-19 14:17:12,178 - INFO : 获取最新的监控配置信息
2018-03-19 14:17:14,192 - INFO : 获取最新的监控配置信息
2018-03-19 14:17:16,207 - INFO : 获取最新的监控配置信息
2018-03-19 14:17:18,226 - INFO : 获取最新的监控配置信息
2018-03-19 14:17:20,239 - INFO : 获取最新的监控配置信息
2018-03-19 14:17:22,252 - INFO : 获取最新的监控配置信息
2018-03-19 14:19:40,932 - INFO : 客户端已启动
2018-03-19 14:19:40,935 - INFO : 获取最新的监控配置信息
2018-03-19 14:19:40,959 - INFO : 获取最新的监控配置信息
2018-03-19 14:19:40,971 - INFO : 获取最新的监控配置信息
2018-03-19 14:19:40,984 - INFO : 获取最新的监控配置信息
2018-03-19 14:19:40,996 - INFO : 获取最新的监控配置信息
2018-03-19 14:19:41,007 - INFO : 获取最新的监控配置信息
2018-03-19 14:19:41,017 - INFO : 获取最新的监控配置信息
2018-03-19 14:19:41,028 - INFO : 获取最新的监控配置信息
2018-03-19 14:19:41,039 - INFO : 获取最新的监控配置信息
2018-03-19 14:19:41,051 - INFO : 获取最新的监控配置信息
2018-03-19 14:19:41,062 - INFO : 获取最新的监控配置信息
2018-03-19 14:19:41,074 - INFO : 获取最新的监控配置信息
2018-03-19 14:19:41,083 - INFO : 获取最新的监控配置信息
2018-03-19 14:19:41,094 - INFO : 获取最新的监控配置信息
2018-03-19 14:19:41,104 - INFO : 获取最新的监控配置信息
2018-03-19 14:19:41,114 - INFO : 获取最新的监控配置信息
2018-03-19 14:19:41,123 - INFO : 获取最新的监控配置信息
2018-03-19 14:19:41,134 - INFO : 获取最新的监控配置信息
2018-03-19 14:19:41,147 - INFO : 获取最新的监控配置信息
2018-03-19 14:19:41,162 - INFO : 获取最新的监控配置信息
2018-03-19 14:19:41,173 - INFO : 获取最新的监控配置信息
2018-03-19 14:19:41,183 - INFO : 获取最新的监控配置信息
2018-03-19 14:19:41,194 - INFO : 获取最新的监控配置信息
2018-03-19 14:19:41,205 - INFO : 获取最新的监控配置信息
2018-03-19 14:19:41,216 - INFO : 获取最新的监控配置信息
2018-03-19 14:19:41,226 - INFO : 获取最新的监控配置信息
2018-03-19 14:19:41,239 - INFO : 获取最新的监控配置信息
2018-03-19 14:19:41,248 - INFO : 获取最新的监控配置信息
2018-03-19 14:19:41,258 - INFO : 获取最新的监控配置信息
2018-03-19 14:19:41,268 - INFO : 获取最新的监控配置信息
2018-03-19 14:19:41,277 - INFO : 获取最新的监控配置信息
2018-03-19 14:19:41,286 - INFO : 获取最新的监控配置信息
2018-03-19 14:19:41,294 - INFO : 获取最新的监控配置信息
2018-03-19 14:19:41,303 - INFO : 获取最新的监控配置信息
2018-03-19 14:19:41,311 - INFO : 获取最新的监控配置信息
2018-03-19 14:19:41,322 - INFO : 获取最新的监控配置信息
2018-03-19 14:19:41,331 - INFO : 获取最新的监控配置信息
2018-03-19 14:19:41,339 - INFO : 获取最新的监控配置信息
2018-03-19 14:19:41,348 - INFO : 获取最新的监控配置信息
2018-03-19 14:19:41,359 - INFO : 获取最新的监控配置信息
2018-03-19 14:19:41,370 - INFO : 获取最新的监控配置信息
2018-03-19 14:19:41,381 - INFO : 获取最新的监控配置信息
2018-03-19 14:19:41,390 - INFO : 获取最新的监控配置信息
2018-03-19 14:19:41,399 - INFO : 获取最新的监控配置信息
2018-03-19 14:19:41,410 - INFO : 获取最新的监控配置信息
2018-03-19 14:19:41,419 - INFO : 获取最新的监控配置信息
2018-03-19 14:19:41,428 - INFO : 获取最新的监控配置信息
2018-03-19 14:19:41,438 - INFO : 获取最新的监控配置信息
2018-03-19 14:19:41,446 - INFO : 获取最新的监控配置信息
2018-03-19 14:19:41,455 - INFO : 获取最新的监控配置信息
2018-03-19 14:19:41,464 - INFO : 获取最新的监控配置信息
2018-03-19 14:19:41,473 - INFO : 获取最新的监控配置信息
2018-03-19 14:19:41,483 - INFO : 获取最新的监控配置信息
2018-03-19 14:19:41,493 - INFO : 获取最新的监控配置信息
2018-03-19 14:19:41,502 - INFO : 获取最新的监控配置信息
2018-03-19 14:19:41,512 - INFO : 获取最新的监控配置信息
2018-03-19 14:19:41,521 - INFO : 获取最新的监控配置信息
2018-03-19 14:19:41,530 - INFO : 获取最新的监控配置信息
2018-03-19 14:19:41,539 - INFO : 获取最新的监控配置信息
2018-03-19 14:19:41,547 - INFO : 获取最新的监控配置信息
2018-03-19 14:19:41,557 - INFO : 获取最新的监控配置信息
2018-03-19 14:19:41,570 - INFO : 获取最新的监控配置信息
2018-03-19 14:19:41,581 - INFO : 获取最新的监控配置信息
2018-03-19 14:19:41,593 - INFO : 获取最新的监控配置信息
2018-03-19 14:19:41,602 - INFO : 获取最新的监控配置信息
2018-03-19 14:19:41,613 - INFO : 获取最新的监控配置信息
2018-03-19 14:19:41,622 - INFO : 获取最新的监控配置信息
2018-03-19 14:19:41,633 - INFO : 获取最新的监控配置信息
2018-03-19 14:19:41,642 - INFO : 获取最新的监控配置信息
2018-03-19 14:19:41,653 - INFO : 获取最新的监控配置信息
2018-03-19 14:19:41,664 - INFO : 获取最新的监控配置信息
2018-03-19 14:19:41,673 - INFO : 获取最新的监控配置信息
2018-03-19 14:19:41,683 - INFO : 获取最新的监控配置信息
2018-03-19 14:19:41,693 - INFO : 获取最新的监控配置信息
2018-03-19 14:19:41,701 - INFO : 获取最新的监控配置信息
2018-03-19 14:19:41,711 - INFO : 获取最新的监控配置信息
2018-03-19 14:19:41,721 - INFO : 获取最新的监控配置信息
2018-03-19 14:19:41,730 - INFO : 获取最新的监控配置信息
2018-03-19 14:19:41,743 - INFO : 获取最新的监控配置信息
2018-03-19 14:19:41,752 - INFO : 获取最新的监控配置信息
2018-03-19 14:19:41,764 - INFO : 获取最新的监控配置信息
2018-03-19 14:19:41,773 - INFO : 获取最新的监控配置信息
2018-03-19 14:19:41,784 - INFO : 获取最新的监控配置信息
2018-03-19 14:19:41,794 - INFO : 获取最新的监控配置信息
2018-03-19 14:19:41,805 - INFO : 获取最新的监控配置信息
2018-03-19 14:19:41,816 - INFO : 获取最新的监控配置信息
2018-03-19 14:19:41,828 - INFO : 获取最新的监控配置信息
2018-03-19 14:19:41,837 - INFO : 获取最新的监控配置信息
2018-03-19 14:19:41,847 - INFO : 获取最新的监控配置信息
2018-03-19 14:19:41,857 - INFO : 获取最新的监控配置信息
2018-03-19 14:19:41,866 - INFO : 获取最新的监控配置信息
2018-03-19 14:19:41,876 - INFO : 获取最新的监控配置信息
2018-03-19 14:19:41,884 - INFO : 获取最新的监控配置信息
2018-03-19 14:19:41,894 - INFO : 获取最新的监控配置信息
2018-03-19 14:19:41,905 - INFO : 获取最新的监控配置信息
2018-03-19 14:19:41,914 - INFO : 获取最新的监控配置信息
2018-03-19 14:19:41,923 - INFO : 获取最新的监控配置信息
2018-03-19 14:19:41,931 - INFO : 获取最新的监控配置信息
2018-03-19 14:19:41,940 - INFO : 获取最新的监控配置信息
2018-03-19 14:19:41,948 - INFO : 获取最新的监控配置信息
2018-03-19 14:19:41,957 - INFO : 获取最新的监控配置信息
2018-03-19 14:19:41,966 - INFO : 获取最新的监控配置信息
2018-03-19 14:19:41,975 - INFO : 获取最新的监控配置信息
2018-03-19 14:19:41,988 - INFO : 获取最新的监控配置信息
2018-03-19 14:19:41,997 - INFO : 获取最新的监控配置信息
2018-03-19 14:19:42,007 - INFO : 获取最新的监控配置信息
2018-03-19 14:19:42,017 - INFO : 获取最新的监控配置信息
2018-03-19 14:19:42,027 - INFO : 获取最新的监控配置信息
2018-03-19 14:19:42,035 - INFO : 获取最新的监控配置信息
2018-03-19 14:19:42,044 - INFO : 获取最新的监控配置信息
2018-03-19 14:19:42,053 - INFO : 获取最新的监控配置信息
2018-03-19 14:19:42,064 - INFO : 获取最新的监控配置信息
2018-03-19 14:19:42,074 - INFO : 获取最新的监控配置信息
2018-03-19 14:19:42,083 - INFO : 获取最新的监控配置信息
2018-03-19 14:19:42,091 - INFO : 获取最新的监控配置信息
2018-03-19 14:19:42,100 - INFO : 获取最新的监控配置信息
2018-03-19 14:19:42,109 - INFO : 获取最新的监控配置信息
2018-03-19 14:19:42,118 - INFO : 获取最新的监控配置信息
2018-03-19 14:19:42,127 - INFO : 获取最新的监控配置信息
2018-03-19 14:19:42,135 - INFO : 获取最新的监控配置信息
2018-03-19 14:19:42,144 - INFO : 获取最新的监控配置信息
2018-03-19 14:19:42,155 - INFO : 获取最新的监控配置信息
2018-03-19 14:19:42,165 - INFO : 获取最新的监控配置信息
2018-03-19 14:19:42,174 - INFO : 获取最新的监控配置信息
2018-03-19 14:19:42,183 - INFO : 获取最新的监控配置信息
2018-03-19 14:19:42,193 - INFO : 获取最新的监控配置信息
2018-03-19 14:19:42,202 - INFO : 获取最新的监控配置信息
2018-03-19 14:19:42,211 - INFO : 获取最新的监控配置信息
2018-03-19 14:19:42,221 - INFO : 获取最新的监控配置信息
2018-03-19 14:19:42,231 - INFO : 获取最新的监控配置信息
2018-03-19 14:19:42,242 - INFO : 获取最新的监控配置信息
2018-03-19 14:19:42,251 - INFO : 获取最新的监控配置信息
2018-03-19 14:19:42,259 - INFO : 获取最新的监控配置信息
2018-03-19 14:19:42,270 - INFO : 获取最新的监控配置信息
2018-03-19 14:19:42,278 - INFO : 获取最新的监控配置信息
2018-03-19 14:19:42,287 - INFO : 获取最新的监控配置信息
2018-03-19 14:19:42,296 - INFO : 获取最新的监控配置信息
2018-03-19 14:19:42,306 - INFO : 获取最新的监控配置信息
2018-03-19 14:19:42,317 - INFO : 获取最新的监控配置信息
2018-03-19 14:19:42,326 - INFO : 获取最新的监控配置信息
2018-03-19 14:19:42,335 - INFO : 获取最新的监控配置信息
2018-03-19 14:19:42,344 - INFO : 获取最新的监控配置信息
2018-03-19 14:19:42,353 - INFO : 获取最新的监控配置信息
2018-03-19 14:19:42,363 - INFO : 获取最新的监控配置信息
2018-03-19 14:19:42,373 - INFO : 获取最新的监控配置信息
2018-03-19 14:19:42,384 - INFO : 获取最新的监控配置信息
2018-03-19 14:19:42,393 - INFO : 获取最新的监控配置信息
2018-03-19 14:19:42,407 - INFO : 获取最新的监控配置信息
2018-03-19 14:19:42,416 - INFO : 获取最新的监控配置信息
2018-03-19 14:19:42,426 - INFO : 获取最新的监控配置信息
2018-03-19 14:19:42,435 - INFO : 获取最新的监控配置信息
2018-03-19 14:19:42,445 - INFO : 获取最新的监控配置信息
2018-03-19 14:19:42,454 - INFO : 获取最新的监控配置信息
2018-03-19 14:19:42,463 - INFO : 获取最新的监控配置信息
2018-03-19 14:19:42,473 - INFO : 获取最新的监控配置信息
2018-03-19 14:19:42,483 - INFO : 获取最新的监控配置信息
2018-03-19 14:19:42,493 - INFO : 获取最新的监控配置信息
2018-03-19 14:19:42,503 - INFO : 获取最新的监控配置信息
2018-03-19 14:19:42,512 - INFO : 获取最新的监控配置信息
2018-03-19 14:19:42,522 - INFO : 获取最新的监控配置信息
2018-03-19 14:19:42,531 - INFO : 获取最新的监控配置信息
2018-03-19 14:19:42,540 - INFO : 获取最新的监控配置信息
2018-03-19 14:19:42,549 - INFO : 获取最新的监控配置信息
2018-03-19 14:19:42,558 - INFO : 获取最新的监控配置信息
2018-03-19 14:19:42,569 - INFO : 获取最新的监控配置信息
2018-03-19 14:19:42,578 - INFO : 获取最新的监控配置信息
2018-03-19 14:19:42,588 - INFO : 获取最新的监控配置信息
2018-03-19 14:19:42,597 - INFO : 获取最新的监控配置信息
2018-03-19 14:19:42,608 - INFO : 获取最新的监控配置信息
2018-03-19 14:19:42,619 - INFO : 获取最新的监控配置信息
2018-03-19 14:19:42,629 - INFO : 获取最新的监控配置信息
2018-03-19 14:19:42,639 - INFO : 获取最新的监控配置信息
2018-03-19 14:19:42,649 - INFO : 获取最新的监控配置信息
2018-03-19 14:19:42,659 - INFO : 获取最新的监控配置信息
2018-03-19 14:19:42,667 - INFO : 获取最新的监控配置信息
2018-03-19 14:19:42,677 - INFO : 获取最新的监控配置信息
2018-03-19 14:19:42,685 - INFO : 获取最新的监控配置信息
2018-03-19 14:19:42,694 - INFO : 获取最新的监控配置信息
2018-03-19 14:19:42,703 - INFO : 获取最新的监控配置信息
2018-03-19 14:19:42,712 - INFO : 获取最新的监控配置信息
2018-03-19 14:19:42,722 - INFO : 获取最新的监控配置信息
2018-03-19 14:19:42,732 - INFO : 获取最新的监控配置信息
2018-03-19 14:19:42,742 - INFO : 获取最新的监控配置信息
2018-03-19 14:19:42,751 - INFO : 获取最新的监控配置信息
2018-03-19 14:19:42,761 - INFO : 获取最新的监控配置信息
2018-03-19 14:19:42,770 - INFO : 获取最新的监控配置信息
2018-03-19 14:19:42,780 - INFO : 获取最新的监控配置信息
2018-03-19 14:19:42,789 - INFO : 获取最新的监控配置信息
2018-03-19 14:19:42,800 - INFO : 获取最新的监控配置信息
2018-03-19 14:19:42,810 - INFO : 获取最新的监控配置信息
2018-03-19 14:19:42,823 - INFO : 获取最新的监控配置信息
2018-03-19 14:19:42,833 - INFO : 获取最新的监控配置信息
2018-03-19 14:19:42,842 - INFO : 获取最新的监控配置信息
2018-03-19 14:19:42,852 - INFO : 获取最新的监控配置信息
2018-03-19 14:19:42,862 - INFO : 获取最新的监控配置信息
2018-03-19 14:19:42,871 - INFO : 获取最新的监控配置信息
2018-03-19 14:19:42,882 - INFO : 获取最新的监控配置信息
2018-03-19 14:19:42,891 - INFO : 获取最新的监控配置信息
2018-03-19 14:19:42,904 - INFO : 获取最新的监控配置信息
2018-03-19 14:19:42,915 - INFO : 获取最新的监控配置信息
2018-03-19 14:19:42,924 - INFO : 获取最新的监控配置信息
2018-03-19 14:19:42,933 - INFO : 获取最新的监控配置信息
2018-03-19 14:19:42,943 - INFO : 获取最新的监控配置信息
2018-03-19 14:19:42,953 - INFO : 获取最新的监控配置信息
2018-03-19 14:19:42,963 - INFO : 获取最新的监控配置信息
2018-03-19 14:19:42,973 - INFO : 获取最新的监控配置信息
2018-03-19 14:19:42,986 - INFO : 获取最新的监控配置信息
2018-03-19 14:19:42,995 - INFO : 获取最新的监控配置信息
2018-03-19 14:19:43,006 - INFO : 获取最新的监控配置信息
2018-03-19 14:19:43,018 - INFO : 获取最新的监控配置信息
2018-03-19 14:19:43,029 - INFO : 获取最新的监控配置信息
2018-03-19 14:19:43,041 - INFO : 获取最新的监控配置信息
2018-03-19 14:19:43,054 - INFO : 获取最新的监控配置信息
2018-03-19 14:19:43,072 - INFO : 获取最新的监控配置信息
2018-03-19 14:19:43,085 - INFO : 获取最新的监控配置信息
2018-03-19 14:19:43,094 - INFO : 获取最新的监控配置信息
2018-03-19 14:19:43,103 - INFO : 获取最新的监控配置信息
2018-03-19 14:19:43,112 - INFO : 获取最新的监控配置信息
2018-03-19 14:19:43,122 - INFO : 获取最新的监控配置信息
2018-03-19 14:19:43,131 - INFO : 获取最新的监控配置信息
2018-03-19 14:19:43,140 - INFO : 获取最新的监控配置信息
2018-03-19 14:19:43,152 - INFO : 获取最新的监控配置信息
2018-03-19 14:19:43,161 - INFO : 获取最新的监控配置信息
2018-03-19 14:19:43,170 - INFO : 获取最新的监控配置信息
2018-03-19 14:19:43,179 - INFO : 获取最新的监控配置信息
2018-03-19 14:19:43,187 - INFO : 获取最新的监控配置信息
2018-03-19 14:19:43,197 - INFO : 获取最新的监控配置信息
2018-03-19 14:19:43,206 - INFO : 获取最新的监控配置信息
2018-03-19 14:19:43,217 - INFO : 获取最新的监控配置信息
2018-03-19 14:19:43,227 - INFO : 获取最新的监控配置信息
2018-03-19 14:19:43,238 - INFO : 获取最新的监控配置信息
2018-03-19 14:19:43,247 - INFO : 获取最新的监控配置信息
2018-03-19 14:19:43,256 - INFO : 获取最新的监控配置信息
2018-03-19 14:19:43,265 - INFO : 获取最新的监控配置信息
2018-03-19 14:19:43,273 - INFO : 获取最新的监控配置信息
2018-03-19 14:19:43,282 - INFO : 获取最新的监控配置信息
2018-03-19 14:19:43,290 - INFO : 获取最新的监控配置信息
2018-03-19 14:19:43,299 - INFO : 获取最新的监控配置信息
2018-03-19 14:19:43,309 - INFO : 获取最新的监控配置信息
2018-03-19 14:19:43,319 - INFO : 获取最新的监控配置信息
2018-03-19 14:19:43,328 - INFO : 获取最新的监控配置信息
2018-03-19 14:19:43,336 - INFO : 获取最新的监控配置信息
2018-03-19 14:19:43,345 - INFO : 获取最新的监控配置信息
2018-03-19 14:19:43,354 - INFO : 获取最新的监控配置信息
2018-03-19 14:19:43,363 - INFO : 获取最新的监控配置信息
2018-03-19 14:19:43,372 - INFO : 获取最新的监控配置信息
2018-03-19 14:19:43,382 - INFO : 获取最新的监控配置信息
2018-03-19 14:19:43,394 - INFO : 获取最新的监控配置信息
2018-03-19 14:19:43,404 - INFO : 获取最新的监控配置信息
2018-03-19 14:19:43,413 - INFO : 获取最新的监控配置信息
2018-03-19 14:19:43,423 - INFO : 获取最新的监控配置信息
2018-03-19 14:19:43,433 - INFO : 获取最新的监控配置信息
2018-03-19 14:19:43,442 - INFO : 获取最新的监控配置信息
2018-03-19 14:19:43,452 - INFO : 获取最新的监控配置信息
2018-03-19 14:19:43,461 - INFO : 获取最新的监控配置信息
2018-03-19 14:19:43,470 - INFO : 获取最新的监控配置信息
2018-03-19 14:19:43,481 - INFO : 获取最新的监控配置信息
2018-03-19 14:19:43,491 - INFO : 获取最新的监控配置信息
2018-03-19 14:19:43,500 - INFO : 获取最新的监控配置信息
2018-03-19 14:19:43,509 - INFO : 获取最新的监控配置信息
2018-03-19 14:19:43,519 - INFO : 获取最新的监控配置信息
2018-03-19 14:19:43,527 - INFO : 获取最新的监控配置信息
2018-03-19 14:19:43,536 - INFO : 获取最新的监控配置信息
2018-03-19 14:19:43,546 - INFO : 获取最新的监控配置信息
2018-03-19 14:19:43,554 - INFO : 获取最新的监控配置信息
2018-03-19 14:19:43,565 - INFO : 获取最新的监控配置信息
2018-03-19 14:19:43,574 - INFO : 获取最新的监控配置信息
2018-03-19 14:19:43,583 - INFO : 获取最新的监控配置信息
2018-03-19 14:19:43,592 - INFO : 获取最新的监控配置信息
2018-03-19 14:19:43,600 - INFO : 获取最新的监控配置信息
2018-03-19 14:19:43,610 - INFO : 获取最新的监控配置信息
2018-03-19 14:19:43,619 - INFO : 获取最新的监控配置信息
2018-03-19 14:19:43,629 - INFO : 获取最新的监控配置信息
2018-03-19 14:19:43,640 - INFO : 获取最新的监控配置信息
2018-03-19 14:19:43,651 - INFO : 获取最新的监控配置信息
2018-03-19 14:19:43,661 - INFO : 获取最新的监控配置信息
2018-03-19 14:19:43,671 - INFO : 获取最新的监控配置信息
2018-03-19 14:19:43,681 - INFO : 获取最新的监控配置信息
2018-03-19 14:19:43,690 - INFO : 获取最新的监控配置信息
2018-03-19 14:19:43,699 - INFO : 获取最新的监控配置信息
2018-03-19 14:19:43,709 - INFO : 获取最新的监控配置信息
2018-03-19 14:19:43,718 - INFO : 获取最新的监控配置信息
2018-03-19 14:19:43,729 - INFO : 获取最新的监控配置信息
2018-03-19 14:19:43,738 - INFO : 获取最新的监控配置信息
2018-03-19 14:19:43,748 - INFO : 获取最新的监控配置信息
2018-03-19 14:19:43,757 - INFO : 获取最新的监控配置信息
2018-03-19 14:19:43,769 - INFO : 获取最新的监控配置信息
2018-03-19 14:19:43,780 - INFO : 获取最新的监控配置信息
2018-03-19 14:19:43,790 - INFO : 获取最新的监控配置信息
2018-03-19 14:19:43,799 - INFO : 获取最新的监控配置信息
2018-03-19 14:19:43,809 - INFO : 获取最新的监控配置信息
2018-03-19 14:19:43,820 - INFO : 获取最新的监控配置信息
2018-03-19 14:19:43,829 - INFO : 获取最新的监控配置信息
2018-03-19 14:19:43,840 - INFO : 获取最新的监控配置信息
2018-03-19 14:19:43,849 - INFO : 获取最新的监控配置信息
2018-03-19 14:19:43,863 - INFO : 获取最新的监控配置信息
2018-03-19 14:19:43,873 - INFO : 获取最新的监控配置信息
2018-03-19 14:19:43,883 - INFO : 获取最新的监控配置信息
2018-03-19 14:19:43,894 - INFO : 获取最新的监控配置信息
2018-03-19 14:19:43,904 - INFO : 获取最新的监控配置信息
2018-03-19 14:19:43,913 - INFO : 获取最新的监控配置信息
2018-03-19 14:19:43,922 - INFO : 获取最新的监控配置信息
2018-03-19 14:19:43,931 - INFO : 获取最新的监控配置信息
2018-03-19 14:19:43,940 - INFO : 获取最新的监控配置信息
2018-03-19 14:19:43,949 - INFO : 获取最新的监控配置信息
2018-03-19 14:19:43,959 - INFO : 获取最新的监控配置信息
2018-03-19 14:19:43,967 - INFO : 获取最新的监控配置信息
2018-03-19 14:19:43,978 - INFO : 获取最新的监控配置信息
2018-03-19 14:19:43,987 - INFO : 获取最新的监控配置信息
2018-03-19 14:19:43,996 - INFO : 获取最新的监控配置信息
2018-03-19 14:19:44,005 - INFO : 获取最新的监控配置信息
2018-03-19 14:19:44,014 - INFO : 获取最新的监控配置信息
2018-03-19 14:19:44,023 - INFO : 获取最新的监控配置信息
2018-03-19 14:19:44,033 - INFO : 获取最新的监控配置信息
2018-03-19 14:19:44,042 - INFO : 获取最新的监控配置信息
2018-03-19 14:19:44,052 - INFO : 获取最新的监控配置信息
2018-03-19 14:19:44,064 - INFO : 获取最新的监控配置信息
2018-03-19 14:19:44,074 - INFO : 获取最新的监控配置信息
2018-03-19 14:19:44,084 - INFO : 获取最新的监控配置信息
2018-03-19 14:19:44,094 - INFO : 获取最新的监控配置信息
2018-03-19 14:19:44,103 - INFO : 获取最新的监控配置信息
2018-03-19 14:19:44,113 - INFO : 获取最新的监控配置信息
2018-03-19 14:19:44,121 - INFO : 获取最新的监控配置信息
2018-03-19 14:19:44,130 - INFO : 获取最新的监控配置信息
2018-03-19 14:19:44,139 - INFO : 获取最新的监控配置信息
2018-03-19 14:19:44,151 - INFO : 获取最新的监控配置信息
2018-03-19 14:19:44,160 - INFO : 获取最新的监控配置信息
2018-03-19 14:19:44,169 - INFO : 获取最新的监控配置信息
2018-03-19 14:19:44,178 - INFO : 获取最新的监控配置信息
2018-03-19 14:19:44,188 - INFO : 获取最新的监控配置信息
2018-03-19 14:19:44,198 - INFO : 获取最新的监控配置信息
2018-03-19 14:19:44,209 - INFO : 获取最新的监控配置信息
2018-03-19 14:19:44,219 - INFO : 获取最新的监控配置信息
2018-03-19 14:19:44,232 - INFO : 获取最新的监控配置信息
2018-03-19 14:19:44,244 - INFO : 获取最新的监控配置信息
2018-03-19 14:19:44,256 - INFO : 获取最新的监控配置信息
2018-03-19 14:19:44,268 - INFO : 获取最新的监控配置信息
2018-03-19 14:19:44,280 - INFO : 获取最新的监控配置信息
2018-03-19 14:19:44,291 - INFO : 获取最新的监控配置信息
2018-03-19 14:19:44,302 - INFO : 获取最新的监控配置信息
2018-03-19 14:19:44,315 - INFO : 获取最新的监控配置信息
2018-03-19 14:19:44,325 - INFO : 获取最新的监控配置信息
2018-03-19 14:19:44,335 - INFO : 获取最新的监控配置信息
2018-03-19 14:19:44,346 - INFO : 获取最新的监控配置信息
2018-03-19 14:19:44,356 - INFO : 获取最新的监控配置信息
2018-03-19 14:19:44,367 - INFO : 获取最新的监控配置信息
2018-03-19 14:19:44,377 - INFO : 获取最新的监控配置信息
2018-03-19 14:19:44,389 - INFO : 获取最新的监控配置信息
2018-03-19 14:19:44,401 - INFO : 获取最新的监控配置信息
2018-03-19 14:19:44,412 - INFO : 获取最新的监控配置信息
2018-03-19 14:19:44,423 - INFO : 获取最新的监控配置信息
2018-03-19 14:19:44,437 - INFO : 获取最新的监控配置信息
2018-03-19 14:19:44,448 - INFO : 获取最新的监控配置信息
2018-03-19 14:19:44,461 - INFO : 获取最新的监控配置信息
2018-03-19 14:19:44,474 - INFO : 获取最新的监控配置信息
2018-03-19 14:19:44,488 - INFO : 获取最新的监控配置信息
2018-03-19 14:19:44,498 - INFO : 获取最新的监控配置信息
2018-03-19 14:19:44,509 - INFO : 获取最新的监控配置信息
2018-03-19 14:19:44,520 - INFO : 获取最新的监控配置信息
2018-03-19 14:19:44,530 - INFO : 获取最新的监控配置信息
2018-03-19 14:19:44,539 - INFO : 获取最新的监控配置信息
2018-03-19 14:19:44,548 - INFO : 获取最新的监控配置信息
2018-03-19 14:19:44,559 - INFO : 获取最新的监控配置信息
2018-03-19 14:19:44,569 - INFO : 获取最新的监控配置信息
2018-03-19 14:19:44,578 - INFO : 获取最新的监控配置信息
2018-03-19 14:19:44,587 - INFO : 获取最新的监控配置信息
2018-03-19 14:19:44,596 - INFO : 获取最新的监控配置信息
2018-03-19 14:19:44,605 - INFO : 获取最新的监控配置信息
2018-03-19 14:19:44,615 - INFO : 获取最新的监控配置信息
2018-03-19 14:19:44,624 - INFO : 获取最新的监控配置信息
2018-03-19 14:19:44,633 - INFO : 获取最新的监控配置信息
2018-03-19 14:19:44,644 - INFO : 获取最新的监控配置信息
2018-03-19 14:19:44,655 - INFO : 获取最新的监控配置信息
2018-03-19 14:19:44,665 - INFO : 获取最新的监控配置信息
2018-03-19 14:19:44,676 - INFO : 获取最新的监控配置信息
2018-03-19 14:19:44,686 - INFO : 获取最新的监控配置信息
2018-03-19 14:19:44,697 - INFO : 获取最新的监控配置信息
2018-03-19 14:19:44,707 - INFO : 获取最新的监控配置信息
2018-03-19 14:19:44,716 - INFO : 获取最新的监控配置信息
2018-03-19 14:19:44,728 - INFO : 获取最新的监控配置信息
2018-03-19 14:19:44,738 - INFO : 获取最新的监控配置信息
2018-03-19 14:19:44,746 - INFO : 获取最新的监控配置信息
2018-03-19 14:19:44,755 - INFO : 获取最新的监控配置信息
2018-03-19 14:19:44,764 - INFO : 获取最新的监控配置信息
2018-03-19 14:19:44,773 - INFO : 获取最新的监控配置信息
2018-03-19 14:19:44,781 - INFO : 获取最新的监控配置信息
2018-03-19 14:19:44,790 - INFO : 获取最新的监控配置信息
2018-03-19 14:19:44,800 - INFO : 获取最新的监控配置信息
2018-03-19 14:19:44,810 - INFO : 获取最新的监控配置信息
2018-03-19 14:19:44,819 - INFO : 获取最新的监控配置信息
2018-03-19 14:19:44,828 - INFO : 获取最新的监控配置信息
2018-03-19 14:19:44,839 - INFO : 获取最新的监控配置信息
2018-03-19 14:19:44,849 - INFO : 获取最新的监控配置信息
2018-03-19 14:19:44,863 - INFO : 获取最新的监控配置信息
2018-03-19 14:19:44,873 - INFO : 获取最新的监控配置信息
2018-03-19 14:19:44,884 - INFO : 获取最新的监控配置信息
2018-03-19 14:19:44,898 - INFO : 获取最新的监控配置信息
2018-03-19 14:19:44,908 - INFO : 获取最新的监控配置信息
2018-03-19 14:19:44,917 - INFO : 获取最新的监控配置信息
2018-03-19 14:19:44,927 - INFO : 获取最新的监控配置信息
2018-03-19 14:19:44,935 - INFO : 获取最新的监控配置信息
2018-03-19 14:19:44,944 - INFO : 获取最新的监控配置信息
2018-03-19 14:19:44,953 - INFO : 获取最新的监控配置信息
2018-03-19 14:19:44,962 - INFO : 获取最新的监控配置信息
2018-03-19 14:19:44,973 - INFO : 获取最新的监控配置信息
2018-03-19 14:19:44,982 - INFO : 获取最新的监控配置信息
2018-03-19 14:19:44,991 - INFO : 获取最新的监控配置信息
2018-03-19 14:19:45,000 - INFO : 获取最新的监控配置信息
2018-03-19 14:19:45,009 - INFO : 获取最新的监控配置信息
2018-03-19 14:19:45,018 - INFO : 获取最新的监控配置信息
2018-03-19 14:19:45,027 - INFO : 获取最新的监控配置信息
2018-03-19 14:19:45,036 - INFO : 获取最新的监控配置信息
2018-03-19 14:19:45,045 - INFO : 获取最新的监控配置信息
2018-03-19 14:19:45,057 - INFO : 获取最新的监控配置信息
2018-03-19 14:19:45,067 - INFO : 获取最新的监控配置信息
2018-03-19 14:19:45,077 - INFO : 获取最新的监控配置信息
2018-03-19 14:19:45,087 - INFO : 获取最新的监控配置信息
2018-03-19 14:19:45,098 - INFO : 获取最新的监控配置信息
2018-03-19 14:19:45,108 - INFO : 获取最新的监控配置信息
2018-03-19 14:19:45,118 - INFO : 获取最新的监控配置信息
2018-03-19 14:19:45,127 - INFO : 获取最新的监控配置信息
2018-03-19 14:19:45,138 - INFO : 获取最新的监控配置信息
2018-03-19 14:19:45,148 - INFO : 获取最新的监控配置信息
2018-03-19 14:19:45,157 - INFO : 获取最新的监控配置信息
2018-03-19 14:19:45,167 - INFO : 获取最新的监控配置信息
2018-03-19 14:19:45,176 - INFO : 获取最新的监控配置信息
2018-03-19 14:19:45,185 - INFO : 获取最新的监控配置信息
2018-03-19 14:19:45,195 - INFO : 获取最新的监控配置信息
2018-03-19 14:19:45,204 - INFO : 获取最新的监控配置信息
2018-03-19 14:19:45,213 - INFO : 获取最新的监控配置信息
2018-03-19 14:19:45,225 - INFO : 获取最新的监控配置信息
2018-03-19 14:19:45,236 - INFO : 获取最新的监控配置信息
2018-03-19 14:19:45,244 - INFO : 获取最新的监控配置信息
2018-03-19 14:19:45,253 - INFO : 获取最新的监控配置信息
2018-03-19 14:19:45,262 - INFO : 获取最新的监控配置信息
2018-03-19 14:19:45,274 - INFO : 获取最新的监控配置信息
2018-03-19 14:19:45,287 - INFO : 获取最新的监控配置信息
2018-03-19 14:19:45,299 - INFO : 获取最新的监控配置信息
2018-03-19 14:19:45,312 - INFO : 获取最新的监控配置信息
2018-03-19 14:19:45,323 - INFO : 获取最新的监控配置信息
2018-03-19 14:19:45,334 - INFO : 获取最新的监控配置信息
2018-03-19 14:19:45,343 - INFO : 获取最新的监控配置信息
2018-03-19 14:19:45,355 - INFO : 获取最新的监控配置信息
2018-03-19 14:19:45,368 - INFO : 获取最新的监控配置信息
2018-03-19 14:19:45,378 - INFO : 获取最新的监控配置信息
2018-03-19 14:19:45,390 - INFO : 获取最新的监控配置信息
2018-03-19 14:19:45,399 - INFO : 获取最新的监控配置信息
2018-03-19 14:19:45,409 - INFO : 获取最新的监控配置信息
2018-03-19 14:19:45,418 - INFO : 获取最新的监控配置信息
2018-03-19 14:19:45,429 - INFO : 获取最新的监控配置信息
2018-03-19 14:19:45,440 - INFO : 获取最新的监控配置信息
2018-03-19 14:19:45,451 - INFO : 获取最新的监控配置信息
2018-03-19 14:19:45,461 - INFO : 获取最新的监控配置信息
2018-03-19 14:19:45,476 - INFO : 获取最新的监控配置信息
2018-03-19 14:19:45,487 - INFO : 获取最新的监控配置信息
2018-03-19 14:19:45,498 - INFO : 获取最新的监控配置信息
2018-03-19 14:19:45,510 - INFO : 获取最新的监控配置信息
2018-03-19 14:19:45,520 - INFO : 获取最新的监控配置信息
2018-03-19 14:19:45,533 - INFO : 获取最新的监控配置信息
2018-03-19 14:19:45,545 - INFO : 获取最新的监控配置信息
2018-03-19 14:19:45,561 - INFO : 获取最新的监控配置信息
2018-03-19 14:19:45,573 - INFO : 获取最新的监控配置信息
2018-03-19 14:19:45,584 - INFO : 获取最新的监控配置信息
2018-03-19 14:20:49,369 - INFO : 客户端已启动
2018-03-19 14:20:49,371 - INFO : 获取最新的监控配置信息
2018-03-19 14:21:49,398 - INFO : 获取最新的监控配置信息
2018-03-19 14:22:27,380 - INFO : 客户端已启动
2018-03-19 14:22:27,383 - INFO : 获取最新的监控配置信息
2018-03-19 14:23:28,405 - INFO : 获取最新的监控配置信息
2018-03-19 14:26:39,872 - INFO : 客户端已启动
2018-03-19 14:26:39,874 - INFO : 获取最新的监控配置信息
2018-03-19 14:27:54,656 - INFO : 客户端已启动
2018-03-19 14:27:54,659 - INFO : 获取最新的监控配置信息
2018-03-19 14:28:54,708 - INFO : 获取最新的监控配置信息
2018-03-19 14:29:30,562 - INFO : 客户端已启动
2018-03-19 14:29:30,565 - INFO : 获取最新的监控配置信息
2018-03-19 14:29:30,601 - INFO : 获取监控配置成功
2018-03-19 14:29:30,603 - INFO : 更新已监控的服务[{'code': 200, 'message': '获取监控配置成功', 'application': {'LinuxMemory': ['LinuxMemoryPlugin', 60], 'LinuxCpu': ['LinuxCpuPlugin', 30], 'LinuxLoad': ['LinuxLoadPlugin', 60], 'LinuxNetwork': ['LinuxNetworkPlugin', 60]}}]
2018-03-19 14:29:30,610 - INFO : 开始监控[%s]服务
2018-03-19 14:29:30,615 - INFO : 开始监控[%s]服务
2018-03-19 14:29:30,621 - INFO : 开始监控[%s]服务
2018-03-19 14:29:30,626 - INFO : 开始监控[%s]服务
2018-03-19 14:31:34,905 - INFO : 客户端已启动
2018-03-19 14:31:34,909 - INFO : 获取最新的监控配置信息
2018-03-19 14:31:34,947 - INFO : 获取监控配置成功
2018-03-19 14:31:34,951 - INFO : 更新已监控的服务[{'LinuxLoad': ['LinuxLoadPlugin', 60], 'LinuxNetwork': ['LinuxNetworkPlugin', 60], 'LinuxMemory': ['LinuxMemoryPlugin', 60], 'LinuxCpu': ['LinuxCpuPlugin', 30]}]
2018-03-19 14:31:34,958 - INFO : 开始监控[%s]服务
2018-03-19 14:31:34,965 - INFO : 开始监控[%s]服务
2018-03-19 14:31:34,970 - INFO : 开始监控[%s]服务
2018-03-19 14:31:34,973 - INFO : 开始监控[%s]服务
2018-03-19 14:32:37,850 - INFO : 客户端已启动
2018-03-19 14:32:37,852 - INFO : 获取最新的监控配置信息
2018-03-19 14:32:37,897 - INFO : 获取监控配置成功
2018-03-19 14:32:37,899 - INFO : 更新已监控的服务[{'LinuxMemory': ['LinuxMemoryPlugin', 60], 'LinuxLoad': ['LinuxLoadPlugin', 60], 'LinuxCpu': ['LinuxCpuPlugin', 30], 'LinuxNetwork': ['LinuxNetworkPlugin', 60]}]
2018-03-19 14:32:37,904 - INFO : 开始监控[LinuxMemory]服务
2018-03-19 14:32:37,907 - INFO : 开始监控[LinuxLoad]服务
2018-03-19 14:32:37,911 - INFO : 开始监控[LinuxCpu]服务
2018-03-19 14:32:37,916 - INFO : 开始监控[LinuxNetwork]服务
2018-03-19 14:34:49,314 - INFO : 客户端已启动
2018-03-19 14:34:49,316 - INFO : 获取最新的监控配置信息
2018-03-19 14:34:49,359 - INFO : 获取监控配置成功
2018-03-19 14:34:49,362 - INFO : 更新已监控的服务[{'LinuxMemory': ['LinuxMemoryPlugin', 60], 'LinuxLoad': ['LinuxLoadPlugin', 60], 'LinuxNetwork': ['LinuxNetworkPlugin', 60], 'LinuxCpu': ['LinuxCpuPlugin', 30]}]
2018-03-19 14:36:30,708 - INFO : 客户端已启动
2018-03-19 14:36:30,710 - INFO : 获取最新的监控配置信息
2018-03-19 14:36:30,746 - INFO : 获取监控配置成功
2018-03-19 14:36:30,749 - INFO : 更新监控配置[{'LinuxLoad': ['LinuxLoadPlugin', 60], 'LinuxCpu': ['LinuxCpuPlugin', 30], 'LinuxMemory': ['LinuxMemoryPlugin', 60], 'LinuxNetwork': ['LinuxNetworkPlugin', 60]}]
2018-03-19 14:36:44,415 - INFO : 客户端已启动
2018-03-19 14:36:44,420 - INFO : 获取最新的监控配置信息
2018-03-19 14:36:44,472 - INFO : 获取监控配置成功
2018-03-19 14:36:44,475 - INFO : 更新监控配置[{'LinuxCpu': ['LinuxCpuPlugin', 30], 'LinuxLoad': ['LinuxLoadPlugin', 60], 'LinuxMemory': ['LinuxMemoryPlugin', 60], 'LinuxNetwork': ['LinuxNetworkPlugin', 60]}]
2018-03-19 14:37:55,650 - INFO : 客户端已启动
2018-03-19 14:37:55,652 - INFO : 获取最新的监控配置信息
2018-03-19 14:37:55,695 - INFO : 获取监控配置成功
2018-03-19 14:37:55,698 - INFO : 更新监控配置,{'LinuxNetwork': ['LinuxNetworkPlugin', 60], 'LinuxLoad': ['LinuxLoadPlugin', 60], 'LinuxMemory': ['LinuxMemoryPlugin', 60], 'LinuxCpu': ['LinuxCpuPlugin', 30]}
2018-03-19 14:42:55,700 - INFO : 获取最新的监控配置信息
2018-03-19 14:42:55,725 - INFO : 获取监控配置成功
2018-03-19 14:42:55,727 - INFO : 更新监控配置,{'LinuxNetwork': ['LinuxNetworkPlugin', 60], 'LinuxCpu': ['LinuxCpuPlugin', 30], 'LinuxLoad': ['LinuxLoadPlugin', 60], 'LinuxMemory': ['LinuxMemoryPlugin', 60]}
2018-03-19 14:47:55,729 - INFO : 获取最新的监控配置信息
2018-03-19 14:47:55,758 - INFO : 获取监控配置成功
2018-03-19 14:47:55,760 - INFO : 更新监控配置,{'LinuxNetwork': ['LinuxNetworkPlugin', 60], 'LinuxCpu': ['LinuxCpuPlugin', 30], 'LinuxLoad': ['LinuxLoadPlugin', 60], 'LinuxMemory': ['LinuxMemoryPlugin', 60]}
2018-03-19 15:03:04,324 - INFO : 客户端已启动
2018-03-19 15:03:04,326 - INFO : 获取最新的监控配置信息
2018-03-19 15:03:04,369 - INFO : 获取监控配置成功
2018-03-19 15:03:04,371 - INFO : 更新监控配置,{'LinuxCpu': ['LinuxCpuPlugin', 30], 'LinuxNetwork': ['LinuxNetworkPlugin', 60], 'LinuxLoad': ['LinuxLoadPlugin', 60], 'LinuxMemory': ['LinuxMemoryPlugin', 60]}
2018-03-19 15:09:04,104 - INFO : 客户端已启动
2018-03-19 15:09:04,107 - INFO : 获取最新的监控配置信息
2018-03-19 15:09:04,153 - INFO : 获取监控配置成功
2018-03-19 15:09:04,155 - INFO : 更新监控配置,{'LinuxMemory': ['LinuxMemoryPlugin', 60], 'LinuxLoad': ['LinuxLoadPlugin', 60], 'LinuxCpu': ['LinuxCpuPlugin', 30], 'LinuxNetwork': ['LinuxNetworkPlugin', 60]}
2018-03-19 15:09:27,901 - INFO : 客户端已启动
2018-03-19 15:09:27,903 - INFO : 获取最新的监控配置信息
2018-03-19 15:09:27,949 - INFO : 获取监控配置成功
2018-03-19 15:09:27,951 - INFO : 更新监控配置,{'LinuxMemory': ['LinuxMemoryPlugin', 60], 'LinuxNetwork': ['LinuxNetworkPlugin', 60], 'LinuxCpu': ['LinuxCpuPlugin', 30], 'LinuxLoad': ['LinuxLoadPlugin', 60]}
2018-03-19 15:10:01,362 - INFO : 客户端已启动
2018-03-19 15:10:01,364 - INFO : 获取最新的监控配置信息
2018-03-19 15:10:01,414 - INFO : 获取监控配置成功
2018-03-19 15:10:01,416 - INFO : 更新监控配置,{'LinuxLoad': ['LinuxLoadPlugin', 60], 'LinuxCpu': ['LinuxCpuPlugin', 30], 'LinuxMemory': ['LinuxMemoryPlugin', 60], 'LinuxNetwork': ['LinuxNetworkPlugin', 60]}
2018-03-19 15:11:33,501 - INFO : 客户端已启动
2018-03-19 15:11:33,503 - INFO : 获取最新的监控配置信息
2018-03-19 15:11:33,545 - INFO : 获取监控配置成功
2018-03-19 15:11:33,547 - INFO : 更新监控配置,{'LinuxLoad': ['LinuxLoadPlugin', 60], 'LinuxNetwork': ['LinuxNetworkPlugin', 60], 'LinuxCpu': ['LinuxCpuPlugin', 30], 'LinuxMemory': ['LinuxMemoryPlugin', 60]}
2018-03-19 15:12:13,869 - INFO : 客户端已启动
2018-03-19 15:12:13,870 - INFO : 获取最新的监控配置信息
2018-03-19 15:12:13,913 - INFO : 获取监控配置成功
2018-03-19 15:12:13,915 - INFO : 更新监控配置,{'LinuxLoad': ['LinuxLoadPlugin', 60], 'LinuxCpu': ['LinuxCpuPlugin', 30], 'LinuxNetwork': ['LinuxNetworkPlugin', 60], 'LinuxMemory': ['LinuxMemoryPlugin', 60]}
2018-03-19 15:13:12,951 - INFO : 客户端已启动
2018-03-19 15:13:12,954 - INFO : 获取最新的监控配置信息
2018-03-19 15:13:12,998 - INFO : 获取监控配置成功
2018-03-19 15:13:13,001 - INFO : 更新监控配置,{'LinuxLoad': ['LinuxLoadPlugin', 60], 'LinuxMemory': ['LinuxMemoryPlugin', 60], 'LinuxCpu': ['LinuxCpuPlugin', 30], 'LinuxNetwork': ['LinuxNetworkPlugin', 60]}
2018-03-19 15:29:50,742 - INFO : 客户端已启动
2018-03-19 15:29:50,748 - INFO : 获取最新的监控配置信息
2018-03-19 15:29:50,789 - INFO : 获取监控配置成功
2018-03-19 15:29:50,791 - INFO : 更新监控配置,{'LinuxNetwork': ['LinuxNetworkPlugin', 60], 'LinuxCpu': ['LinuxCpuPlugin', 30], 'LinuxMemory': ['LinuxMemoryPlugin', 60], 'LinuxLoad': ['LinuxLoadPlugin', 60]}
2018-03-19 15:37:27,775 - INFO : 客户端已启动
2018-03-19 15:37:27,777 - INFO : 获取最新的监控配置信息
2018-03-19 15:37:27,824 - INFO : 获取监控配置成功
2018-03-19 15:37:27,828 - INFO : 更新监控配置,{'LinuxCpu': ['LinuxCpuPlugin', 30], 'LinuxNetwork': ['LinuxNetworkPlugin', 60], 'LinuxMemory': ['LinuxMemoryPlugin', 60], 'LinuxLoad': ['LinuxLoadPlugin', 60]}
2018-03-19 15:46:56,181 - INFO : 客户端已启动
2018-03-19 15:46:56,183 - INFO : 获取最新的监控配置信息
2018-03-19 15:46:57,252 - INFO : 获取监控配置成功
2018-03-19 15:46:57,254 - INFO : 更新监控配置,{'LinuxLoad': ['LinuxLoadPlugin', 60], 'LinuxNetwork': ['LinuxNetworkPlugin', 60], 'LinuxCpu': ['LinuxCpuPlugin', 30], 'LinuxMemory': ['LinuxMemoryPlugin', 60]}
2018-03-19 15:48:41,710 - INFO : 客户端已启动
2018-03-19 15:48:41,712 - INFO : 获取最新的监控配置信息
2018-03-19 15:48:42,261 - INFO : 获取监控配置成功
2018-03-19 15:48:42,263 - INFO : 更新监控配置,{'LinuxMemory': ['LinuxMemoryPlugin', 60], 'LinuxNetwork': ['LinuxNetworkPlugin', 60], 'LinuxLoad': ['LinuxLoadPlugin', 60], 'LinuxCpu': ['LinuxCpuPlugin', 30]}
2018-03-19 15:50:44,725 - INFO : 客户端已启动
2018-03-19 15:50:44,727 - INFO : 获取最新的监控配置信息
2018-03-19 15:50:44,766 - INFO : 获取监控配置成功
2018-03-19 15:50:44,767 - INFO : 更新监控配置,{'LinuxCpu': ['LinuxCpuPlugin', 30], 'LinuxNetwork': ['LinuxNetworkPlugin', 60], 'LinuxLoad': ['LinuxLoadPlugin', 60], 'LinuxMemory': ['LinuxMemoryPlugin', 60]}
2018-03-19 15:51:06,061 - INFO : 客户端已启动
2018-03-19 15:51:06,063 - INFO : 获取最新的监控配置信息
2018-03-19 15:51:06,098 - INFO : 获取监控配置成功
2018-03-19 15:51:06,100 - INFO : 更新监控配置,{'LinuxLoad': ['LinuxLoadPlugin', 60], 'LinuxNetwork': ['LinuxNetworkPlugin', 60], 'LinuxMemory': ['LinuxMemoryPlugin', 60], 'LinuxCpu': ['LinuxCpuPlugin', 30]}
2018-03-19 15:51:37,172 - INFO : 客户端已启动
2018-03-19 15:51:37,174 - INFO : 获取最新的监控配置信息
2018-03-19 15:51:37,718 - INFO : 获取监控配置成功
2018-03-19 15:51:37,720 - INFO : 更新监控配置,{'LinuxCpu': ['LinuxCpuPlugin', 30], 'LinuxLoad': ['LinuxLoadPlugin', 60], 'LinuxNetwork': ['LinuxNetworkPlugin', 60], 'LinuxMemory': ['LinuxMemoryPlugin', 60]}
